--> gdb =i3 core.i3.11206
GNU gdb (GDB) 6.8.50.20090628-cvs-debian
Copyright (C) 2009 Free Software Foundation, Inc.
License GPLv3+: GNU GPL version 3 or later <http://gnu.org/licenses/gpl.html>
This is free software: you are free to change and redistribute it.
There is NO WARRANTY, to the extent permitted by law.  Type "show copying"
and "show warranty" for details.
This GDB was configured as "x86_64-linux-gnu".
For bug reporting instructions, please see:
<http://www.gnu.org/software/gdb/bugs/>...

warning: Can't read pathname for load map: Input/output error.
Reading symbols from /lib/libm.so.6...done.
Loaded symbols for /lib/libm.so.6
Reading symbols from /usr/lib/libxcb-event.so.1...done.
Loaded symbols for /usr/lib/libxcb-event.so.1
Reading symbols from /usr/lib/libxcb-property.so.1...done.
Loaded symbols for /usr/lib/libxcb-property.so.1
Reading symbols from /usr/lib/libxcb-keysyms.so.1...done.
Loaded symbols for /usr/lib/libxcb-keysyms.so.1
Reading symbols from /usr/lib/libxcb-atom.so.1...done.
Loaded symbols for /usr/lib/libxcb-atom.so.1
Reading symbols from /usr/lib/libxcb-aux.so.0...done.
Loaded symbols for /usr/lib/libxcb-aux.so.0
Reading symbols from /usr/lib/libxcb-icccm.so.1...done.
Loaded symbols for /usr/lib/libxcb-icccm.so.1
Reading symbols from /usr/lib/libxcb-xinerama.so.0...done.
Loaded symbols for /usr/lib/libxcb-xinerama.so.0
Reading symbols from /usr/lib/libX11.so.6...done.
Loaded symbols for /usr/lib/libX11.so.6
Reading symbols from /usr/lib/libev.so.3...done.
Loaded symbols for /usr/lib/libev.so.3
Reading symbols from /lib/libc.so.6...done.
Loaded symbols for /lib/libc.so.6
Reading symbols from /usr/lib/libxcb.so.1...done.
Loaded symbols for /usr/lib/libxcb.so.1
Reading symbols from /lib/libdl.so.2...done.
Loaded symbols for /lib/libdl.so.2
Reading symbols from /lib64/ld-linux-x86-64.so.2...done.
Loaded symbols for /lib64/ld-linux-x86-64.so.2
Reading symbols from /usr/lib/libXau.so.6...done.
Loaded symbols for /usr/lib/libXau.so.6
Reading symbols from /usr/lib/libXdmcp.so.6...done.
Loaded symbols for /usr/lib/libXdmcp.so.6
Core was generated by `/usr/bin/i3'.
Program terminated with signal 11, Segmentation fault.
#0  0x000000000040d6fa in reposition_client (conn=0xe62490, client=0xe91430) at src/layout.c:225
225             if (client->workspace->screen == (screen = get_screen_containing(client->rect.x, client->rect.y)))
(gdb) bt
#0  0x000000000040d6fa in reposition_client (conn=0xe62490, client=0xe91430) at src/layout.c:225
#1  0x0000000000409cf7 in drag_window_callback (old_rect=<value optimized out>, new_x=<value optimized out>, new_y=0) at src/floating.c:251
#2  0x0000000000409e42 in drag_pointer (conn=0xe62490, client=<value optimized out>, event=<value optimized out>, confine_to=<value optimized out>, border=<value optimized out>, callback=0x7fff8ceb2fb8)
    at src/floating.c:363
#3  0x0000000000409fb4 in floating_drag_window () at src/floating.c:258
#4  0x000000000040c4d9 in handle_button_press (ignored=<value optimized out>, conn=0xe62490, event=0xe830c0) at src/handlers.c:386
#5  0x000000000040e785 in xcb_check_cb (loop=<value optimized out>, w=<value optimized out>, revents=<value optimized out>) at src/mainx.c:111
#6  0x00007f3b0467a481 in ev_invoke_pending () from /usr/lib/libev.so.3
#7  0x00007f3b0467f1bc in ev_loop () from /usr/lib/libev.so.3
#8  0x000000000040f5d1 in main (argc=<value optimized out>, argv=<value optimized out>, env=<value optimized out>) at src/mainx.c:465
(gdb) bt full
#0  0x000000000040d6fa in reposition_client (conn=0xe62490, client=0xe91430) at src/layout.c:225
        screen = <value optimized out>
        __FUNCTION__ = "reposition_client"
#1  0x0000000000409cf7 in drag_window_callback (old_rect=<value optimized out>, new_x=<value optimized out>, new_y=0) at src/floating.c:251
        event = 0xe830c0
        client = 0xe91430
        conn = 0xe62490
#2  0x0000000000409e42 in drag_pointer (conn=0xe62490, client=<value optimized out>, event=<value optimized out>, confine_to=<value optimized out>, border=<value optimized out>, callback=0x7fff8ceb2fb8)
    at src/floating.c:363
        root = <value optimized out>
        old_rect = {x = 0, y = 34, width = 291, height = 225}
        inside_event = 0x0
        last_motion_notify = 0xe897c0
        __PRETTY_FUNCTION__ = "drag_pointer"
        __FUNCTION__ = "drag_pointer"
#3  0x0000000000409fb4 in floating_drag_window () at src/floating.c:258
        conn = 0xe62490
        client = 0xe91430
        event = 0xe830c0
        __FUNCTION__ = "floating_drag_window"
#4  0x000000000040c4d9 in handle_button_press (ignored=<value optimized out>, conn=0xe62490, event=0xe830c0) at src/handlers.c:386
        client = 0xe91430
        border_click = false
        orientation = <value optimized out>
        con = <value optimized out>
        first = <value optimized out>
        second = <value optimized out>
        font = 0x21
        __FUNCTION__ = "handle_button_press"
#5  0x000000000040e785 in xcb_check_cb (loop=<value optimized out>, w=<value optimized out>, revents=<value optimized out>) at src/mainx.c:111
        event = 0xe830c0
#6  0x00007f3b0467a481 in ev_invoke_pending () from /usr/lib/libev.so.3
No symbol table info available.
#7  0x00007f3b0467f1bc in ev_loop () from /usr/lib/libev.so.3
No symbol table info available.
#8  0x000000000040f5d1 in main (argc=<value optimized out>, argv=<value optimized out>, env=<value optimized out>) at src/mainx.c:465
        i = <value optimized out>
        screens = 0
        opt = <value optimized out>
        override_configpath = <value optimized out>
        autostart = true
        prophs = {head = 0xe71ab0, def = {long_len = 0, handler = 0, data = 0x0}, evenths = 0x61e040}
        atom_cookies = {{sequence = 13}, {sequence = 15}, {sequence = 16}, {sequence = 14}, {sequence = 17}, {sequence = 18}, {sequence = 20}, {sequence = 21}, {sequence = 22}, {sequence = 23}, {
            sequence = 24}, {sequence = 19}, {sequence = 25}, {sequence = 26}, {sequence = 27}, {sequence = 28}, {sequence = 29}, {sequence = 30}}
        option_index = 0
        major = 1
        minor = 0
        error = 0
        evBase = 96
        errBase = 153
        i1 = 144
        loop = 0x7f3b04883420
        root_screen = <value optimized out>
        values = {5374032}
        exec = <value optimized out>
        reply = 0x7
        screen = <value optimized out>
        long_options = {{name = 0x419ec8 "no-autostart", has_arg = 0, flag = 0x0, val = 97}, {name = 0x416c14 "config", has_arg = 1, flag = 0x0, val = 99}, {name = 0x419ed5 "version", has_arg = 0, 
            flag = 0x0, val = 118}, {name = 0x419edd "help", has_arg = 0, flag = 0x0, val = 104}, {name = 0x0, has_arg = 0, flag = 0x0, val = 0}}
        __FUNCTION__ = "main"
(gdb) 
