[32;01m * [39;49;00mPackage:    x11-wm/i3-4.7.2
[32;01m * [39;49;00mRepository: gentoo
[32;01m * [39;49;00mMaintainer: xarthisius@gentoo.org hasufell@gentoo.org
[32;01m * [39;49;00mUSE:        amd64 elibc_glibc kernel_linux pango userland_GNU
[32;01m * [39;49;00mFEATURES:   distcc preserve-libs sandbox userpriv usersandbox
>>> Unpacking source...
>>> Unpacking i3-4.7.2.tar.bz2 to /var/tmp/portage/x11-wm/i3-4.7.2/work
>>> Source unpacked in /var/tmp/portage/x11-wm/i3-4.7.2/work
>>> Preparing source in /var/tmp/portage/x11-wm/i3-4.7.2/work/i3-4.7.2 ...
>>> Source prepared.
>>> Configuring source in /var/tmp/portage/x11-wm/i3-4.7.2/work/i3-4.7.2 ...
>>> Source configured.
>>> Compiling source in /var/tmp/portage/x11-wm/i3-4.7.2/work/i3-4.7.2 ...
make -j8 -l4 V=1 CC=x86_64-pc-linux-gnu-gcc AR=x86_64-pc-linux-gnu-ar 
echo "[libi3] CC libi3/get_process_filename.c"
echo "[libi3] CC libi3/safewrappers.c"
echo "[libi3] CC libi3/root_atom_contents.c"
echo "[libi3] CC libi3/is_debug_build.c"
echo "[libi3] CC libi3/get_mod_mask.c"
[libi3] CC libi3/get_process_filename.c
x86_64-pc-linux-gnu-gcc -DI3_VERSION=\"'4.7.2 (2014-01-23, branch \"tags/4.7.2\")'\" -DMAJOR_VERSION=4 -DMINOR_VERSION=7 -DPATCH_VERSION=2 -DSYSCONFDIR=\"/etc\" -DI3__FILE__=__FILE__ -DPCRE_HAS_UCP=1 -DPANGO_SUPPORT=1 -D_GNU_SOURCE   -I/usr/include/cairo -I/usr/include/glib-2.0 -I/usr/lib64/glib-2.0/include -I/usr/include/pixman-1 -I/usr/include/freetype2 -I/usr/include/libdrm -I/usr/include/libpng16  -pthread -I/usr/include/pango-1.0 -I/usr/include/cairo -I/usr/include/glib-2.0 -I/usr/lib64/glib-2.0/include -I/usr/include/pixman-1 -I/usr/include/freetype2 -I/usr/include/libdrm -I/usr/include/libpng16  -std=c99 -Wall -Wunused-value -Iinclude -march=native -O2 -pipe -c -o libi3/get_process_filename.o libi3/get_process_filename.c
[libi3] CC libi3/is_debug_build.c
[libi3] CC libi3/root_atom_contents.c
x86_64-pc-linux-gnu-gcc -DI3_VERSION=\"'4.7.2 (2014-01-23, branch \"tags/4.7.2\")'\" -DMAJOR_VERSION=4 -DMINOR_VERSION=7 -DPATCH_VERSION=2 -DSYSCONFDIR=\"/etc\" -DI3__FILE__=__FILE__ -DPCRE_HAS_UCP=1 -DPANGO_SUPPORT=1 -D_GNU_SOURCE   -I/usr/include/cairo -I/usr/include/glib-2.0 -I/usr/lib64/glib-2.0/include -I/usr/include/pixman-1 -I/usr/include/freetype2 -I/usr/include/libdrm -I/usr/include/libpng16  -pthread -I/usr/include/pango-1.0 -I/usr/include/cairo -I/usr/include/glib-2.0 -I/usr/lib64/glib-2.0/include -I/usr/include/pixman-1 -I/usr/include/freetype2 -I/usr/include/libdrm -I/usr/include/libpng16  -std=c99 -Wall -Wunused-value -Iinclude -march=native -O2 -pipe -c -o libi3/root_atom_contents.o libi3/root_atom_contents.c
x86_64-pc-linux-gnu-gcc -DI3_VERSION=\"'4.7.2 (2014-01-23, branch \"tags/4.7.2\")'\" -DMAJOR_VERSION=4 -DMINOR_VERSION=7 -DPATCH_VERSION=2 -DSYSCONFDIR=\"/etc\" -DI3__FILE__=__FILE__ -DPCRE_HAS_UCP=1 -DPANGO_SUPPORT=1 -D_GNU_SOURCE   -I/usr/include/cairo -I/usr/include/glib-2.0 -I/usr/lib64/glib-2.0/include -I/usr/include/pixman-1 -I/usr/include/freetype2 -I/usr/include/libdrm -I/usr/include/libpng16  -pthread -I/usr/include/pango-1.0 -I/usr/include/cairo -I/usr/include/glib-2.0 -I/usr/lib64/glib-2.0/include -I/usr/include/pixman-1 -I/usr/include/freetype2 -I/usr/include/libdrm -I/usr/include/libpng16  -std=c99 -Wall -Wunused-value -Iinclude -march=native -O2 -pipe -c -o libi3/is_debug_build.o libi3/is_debug_build.c
[libi3] CC libi3/get_mod_mask.c
x86_64-pc-linux-gnu-gcc -DI3_VERSION=\"'4.7.2 (2014-01-23, branch \"tags/4.7.2\")'\" -DMAJOR_VERSION=4 -DMINOR_VERSION=7 -DPATCH_VERSION=2 -DSYSCONFDIR=\"/etc\" -DI3__FILE__=__FILE__ -DPCRE_HAS_UCP=1 -DPANGO_SUPPORT=1 -D_GNU_SOURCE   -I/usr/include/cairo -I/usr/include/glib-2.0 -I/usr/lib64/glib-2.0/include -I/usr/include/pixman-1 -I/usr/include/freetype2 -I/usr/include/libdrm -I/usr/include/libpng16  -pthread -I/usr/include/pango-1.0 -I/usr/include/cairo -I/usr/include/glib-2.0 -I/usr/lib64/glib-2.0/include -I/usr/include/pixman-1 -I/usr/include/freetype2 -I/usr/include/libdrm -I/usr/include/libpng16  -std=c99 -Wall -Wunused-value -Iinclude -march=native -O2 -pipe -c -o libi3/get_mod_mask.o libi3/get_mod_mask.c
echo "[libi3] CC libi3/string.c"
echo "[libi3] CC libi3/ipc_connect.c"
[libi3] CC libi3/safewrappers.c
[libi3] CC libi3/string.c
x86_64-pc-linux-gnu-gcc -DI3_VERSION=\"'4.7.2 (2014-01-23, branch \"tags/4.7.2\")'\" -DMAJOR_VERSION=4 -DMINOR_VERSION=7 -DPATCH_VERSION=2 -DSYSCONFDIR=\"/etc\" -DI3__FILE__=__FILE__ -DPCRE_HAS_UCP=1 -DPANGO_SUPPORT=1 -D_GNU_SOURCE   -I/usr/include/cairo -I/usr/include/glib-2.0 -I/usr/lib64/glib-2.0/include -I/usr/include/pixman-1 -I/usr/include/freetype2 -I/usr/include/libdrm -I/usr/include/libpng16  -pthread -I/usr/include/pango-1.0 -I/usr/include/cairo -I/usr/include/glib-2.0 -I/usr/lib64/glib-2.0/include -I/usr/include/pixman-1 -I/usr/include/freetype2 -I/usr/include/libdrm -I/usr/include/libpng16  -std=c99 -Wall -Wunused-value -Iinclude -march=native -O2 -pipe -c -o libi3/safewrappers.o libi3/safewrappers.c
[libi3] CC libi3/ipc_connect.c
x86_64-pc-linux-gnu-gcc -DI3_VERSION=\"'4.7.2 (2014-01-23, branch \"tags/4.7.2\")'\" -DMAJOR_VERSION=4 -DMINOR_VERSION=7 -DPATCH_VERSION=2 -DSYSCONFDIR=\"/etc\" -DI3__FILE__=__FILE__ -DPCRE_HAS_UCP=1 -DPANGO_SUPPORT=1 -D_GNU_SOURCE   -I/usr/include/cairo -I/usr/include/glib-2.0 -I/usr/lib64/glib-2.0/include -I/usr/include/pixman-1 -I/usr/include/freetype2 -I/usr/include/libdrm -I/usr/include/libpng16  -pthread -I/usr/include/pango-1.0 -I/usr/include/cairo -I/usr/include/glib-2.0 -I/usr/lib64/glib-2.0/include -I/usr/include/pixman-1 -I/usr/include/freetype2 -I/usr/include/libdrm -I/usr/include/libpng16  -std=c99 -Wall -Wunused-value -Iinclude -march=native -O2 -pipe -c -o libi3/string.o libi3/string.c
x86_64-pc-linux-gnu-gcc -DI3_VERSION=\"'4.7.2 (2014-01-23, branch \"tags/4.7.2\")'\" -DMAJOR_VERSION=4 -DMINOR_VERSION=7 -DPATCH_VERSION=2 -DSYSCONFDIR=\"/etc\" -DI3__FILE__=__FILE__ -DPCRE_HAS_UCP=1 -DPANGO_SUPPORT=1 -D_GNU_SOURCE   -I/usr/include/cairo -I/usr/include/glib-2.0 -I/usr/lib64/glib-2.0/include -I/usr/include/pixman-1 -I/usr/include/freetype2 -I/usr/include/libdrm -I/usr/include/libpng16  -pthread -I/usr/include/pango-1.0 -I/usr/include/cairo -I/usr/include/glib-2.0 -I/usr/lib64/glib-2.0/include -I/usr/include/pixman-1 -I/usr/include/freetype2 -I/usr/include/libdrm -I/usr/include/libpng16  -std=c99 -Wall -Wunused-value -Iinclude -march=native -O2 -pipe -c -o libi3/ipc_connect.o libi3/ipc_connect.c
echo "[libi3] CC libi3/ucs2_conversion.c"
[libi3] CC libi3/ucs2_conversion.c
x86_64-pc-linux-gnu-gcc -DI3_VERSION=\"'4.7.2 (2014-01-23, branch \"tags/4.7.2\")'\" -DMAJOR_VERSION=4 -DMINOR_VERSION=7 -DPATCH_VERSION=2 -DSYSCONFDIR=\"/etc\" -DI3__FILE__=__FILE__ -DPCRE_HAS_UCP=1 -DPANGO_SUPPORT=1 -D_GNU_SOURCE   -I/usr/include/cairo -I/usr/include/glib-2.0 -I/usr/lib64/glib-2.0/include -I/usr/include/pixman-1 -I/usr/include/freetype2 -I/usr/include/libdrm -I/usr/include/libpng16  -pthread -I/usr/include/pango-1.0 -I/usr/include/cairo -I/usr/include/glib-2.0 -I/usr/lib64/glib-2.0/include -I/usr/include/pixman-1 -I/usr/include/freetype2 -I/usr/include/libdrm -I/usr/include/libpng16  -std=c99 -Wall -Wunused-value -Iinclude -march=native -O2 -pipe -c -o libi3/ucs2_conversion.o libi3/ucs2_conversion.c
echo "[libi3] CC libi3/font.c"
[libi3] CC libi3/font.c
x86_64-pc-linux-gnu-gcc -DI3_VERSION=\"'4.7.2 (2014-01-23, branch \"tags/4.7.2\")'\" -DMAJOR_VERSION=4 -DMINOR_VERSION=7 -DPATCH_VERSION=2 -DSYSCONFDIR=\"/etc\" -DI3__FILE__=__FILE__ -DPCRE_HAS_UCP=1 -DPANGO_SUPPORT=1 -D_GNU_SOURCE   -I/usr/include/cairo -I/usr/include/glib-2.0 -I/usr/lib64/glib-2.0/include -I/usr/include/pixman-1 -I/usr/include/freetype2 -I/usr/include/libdrm -I/usr/include/libpng16  -pthread -I/usr/include/pango-1.0 -I/usr/include/cairo -I/usr/include/glib-2.0 -I/usr/lib64/glib-2.0/include -I/usr/include/pixman-1 -I/usr/include/freetype2 -I/usr/include/libdrm -I/usr/include/libpng16  -std=c99 -Wall -Wunused-value -Iinclude -march=native -O2 -pipe -c -o libi3/font.o libi3/font.c
echo "[libi3] CC libi3/get_exe_path.c"
[libi3] CC libi3/get_exe_path.c
x86_64-pc-linux-gnu-gcc -DI3_VERSION=\"'4.7.2 (2014-01-23, branch \"tags/4.7.2\")'\" -DMAJOR_VERSION=4 -DMINOR_VERSION=7 -DPATCH_VERSION=2 -DSYSCONFDIR=\"/etc\" -DI3__FILE__=__FILE__ -DPCRE_HAS_UCP=1 -DPANGO_SUPPORT=1 -D_GNU_SOURCE   -I/usr/include/cairo -I/usr/include/glib-2.0 -I/usr/lib64/glib-2.0/include -I/usr/include/pixman-1 -I/usr/include/freetype2 -I/usr/include/libdrm -I/usr/include/libpng16  -pthread -I/usr/include/pango-1.0 -I/usr/include/cairo -I/usr/include/glib-2.0 -I/usr/lib64/glib-2.0/include -I/usr/include/pixman-1 -I/usr/include/freetype2 -I/usr/include/libdrm -I/usr/include/libpng16  -std=c99 -Wall -Wunused-value -Iinclude -march=native -O2 -pipe -c -o libi3/get_exe_path.o libi3/get_exe_path.c
echo "[libi3] CC libi3/get_colorpixel.c"
[libi3] CC libi3/get_colorpixel.c
x86_64-pc-linux-gnu-gcc -DI3_VERSION=\"'4.7.2 (2014-01-23, branch \"tags/4.7.2\")'\" -DMAJOR_VERSION=4 -DMINOR_VERSION=7 -DPATCH_VERSION=2 -DSYSCONFDIR=\"/etc\" -DI3__FILE__=__FILE__ -DPCRE_HAS_UCP=1 -DPANGO_SUPPORT=1 -D_GNU_SOURCE   -I/usr/include/cairo -I/usr/include/glib-2.0 -I/usr/lib64/glib-2.0/include -I/usr/include/pixman-1 -I/usr/include/freetype2 -I/usr/include/libdrm -I/usr/include/libpng16  -pthread -I/usr/include/pango-1.0 -I/usr/include/cairo -I/usr/include/glib-2.0 -I/usr/lib64/glib-2.0/include -I/usr/include/pixman-1 -I/usr/include/freetype2 -I/usr/include/libdrm -I/usr/include/libpng16  -std=c99 -Wall -Wunused-value -Iinclude -march=native -O2 -pipe -c -o libi3/get_colorpixel.o libi3/get_colorpixel.c
echo "[libi3] CC libi3/strndup.c"
[libi3] CC libi3/strndup.c
x86_64-pc-linux-gnu-gcc -DI3_VERSION=\"'4.7.2 (2014-01-23, branch \"tags/4.7.2\")'\" -DMAJOR_VERSION=4 -DMINOR_VERSION=7 -DPATCH_VERSION=2 -DSYSCONFDIR=\"/etc\" -DI3__FILE__=__FILE__ -DPCRE_HAS_UCP=1 -DPANGO_SUPPORT=1 -D_GNU_SOURCE   -I/usr/include/cairo -I/usr/include/glib-2.0 -I/usr/lib64/glib-2.0/include -I/usr/include/pixman-1 -I/usr/include/freetype2 -I/usr/include/libdrm -I/usr/include/libpng16  -pthread -I/usr/include/pango-1.0 -I/usr/include/cairo -I/usr/include/glib-2.0 -I/usr/lib64/glib-2.0/include -I/usr/include/pixman-1 -I/usr/include/freetype2 -I/usr/include/libdrm -I/usr/include/libpng16  -std=c99 -Wall -Wunused-value -Iinclude -march=native -O2 -pipe -c -o libi3/strndup.o libi3/strndup.c
echo "[libi3] CC libi3/fake_configure_notify.c"
echo "[libi3] CC libi3/ipc_send_message.c"
[libi3] CC libi3/fake_configure_notify.c
[libi3] CC libi3/ipc_send_message.c
x86_64-pc-linux-gnu-gcc -DI3_VERSION=\"'4.7.2 (2014-01-23, branch \"tags/4.7.2\")'\" -DMAJOR_VERSION=4 -DMINOR_VERSION=7 -DPATCH_VERSION=2 -DSYSCONFDIR=\"/etc\" -DI3__FILE__=__FILE__ -DPCRE_HAS_UCP=1 -DPANGO_SUPPORT=1 -D_GNU_SOURCE   -I/usr/include/cairo -I/usr/include/glib-2.0 -I/usr/lib64/glib-2.0/include -I/usr/include/pixman-1 -I/usr/include/freetype2 -I/usr/include/libdrm -I/usr/include/libpng16  -pthread -I/usr/include/pango-1.0 -I/usr/include/cairo -I/usr/include/glib-2.0 -I/usr/lib64/glib-2.0/include -I/usr/include/pixman-1 -I/usr/include/freetype2 -I/usr/include/libdrm -I/usr/include/libpng16  -std=c99 -Wall -Wunused-value -Iinclude -march=native -O2 -pipe -c -o libi3/fake_configure_notify.o libi3/fake_configure_notify.c
x86_64-pc-linux-gnu-gcc -DI3_VERSION=\"'4.7.2 (2014-01-23, branch \"tags/4.7.2\")'\" -DMAJOR_VERSION=4 -DMINOR_VERSION=7 -DPATCH_VERSION=2 -DSYSCONFDIR=\"/etc\" -DI3__FILE__=__FILE__ -DPCRE_HAS_UCP=1 -DPANGO_SUPPORT=1 -D_GNU_SOURCE   -I/usr/include/cairo -I/usr/include/glib-2.0 -I/usr/lib64/glib-2.0/include -I/usr/include/pixman-1 -I/usr/include/freetype2 -I/usr/include/libdrm -I/usr/include/libpng16  -pthread -I/usr/include/pango-1.0 -I/usr/include/cairo -I/usr/include/glib-2.0 -I/usr/lib64/glib-2.0/include -I/usr/include/pixman-1 -I/usr/include/freetype2 -I/usr/include/libdrm -I/usr/include/libpng16  -std=c99 -Wall -Wunused-value -Iinclude -march=native -O2 -pipe -c -o libi3/ipc_send_message.o libi3/ipc_send_message.c
echo "[libi3] CC libi3/get_visualtype.c"
[libi3] CC libi3/get_visualtype.c
x86_64-pc-linux-gnu-gcc -DI3_VERSION=\"'4.7.2 (2014-01-23, branch \"tags/4.7.2\")'\" -DMAJOR_VERSION=4 -DMINOR_VERSION=7 -DPATCH_VERSION=2 -DSYSCONFDIR=\"/etc\" -DI3__FILE__=__FILE__ -DPCRE_HAS_UCP=1 -DPANGO_SUPPORT=1 -D_GNU_SOURCE   -I/usr/include/cairo -I/usr/include/glib-2.0 -I/usr/lib64/glib-2.0/include -I/usr/include/pixman-1 -I/usr/include/freetype2 -I/usr/include/libdrm -I/usr/include/libpng16  -pthread -I/usr/include/pango-1.0 -I/usr/include/cairo -I/usr/include/glib-2.0 -I/usr/lib64/glib-2.0/include -I/usr/include/pixman-1 -I/usr/include/freetype2 -I/usr/include/libdrm -I/usr/include/libpng16  -std=c99 -Wall -Wunused-value -Iinclude -march=native -O2 -pipe -c -o libi3/get_visualtype.o libi3/get_visualtype.c
echo "[libi3] CC libi3/ipc_recv_message.c"
[libi3] CC libi3/ipc_recv_message.c
x86_64-pc-linux-gnu-gcc -DI3_VERSION=\"'4.7.2 (2014-01-23, branch \"tags/4.7.2\")'\" -DMAJOR_VERSION=4 -DMINOR_VERSION=7 -DPATCH_VERSION=2 -DSYSCONFDIR=\"/etc\" -DI3__FILE__=__FILE__ -DPCRE_HAS_UCP=1 -DPANGO_SUPPORT=1 -D_GNU_SOURCE   -I/usr/include/cairo -I/usr/include/glib-2.0 -I/usr/lib64/glib-2.0/include -I/usr/include/pixman-1 -I/usr/include/freetype2 -I/usr/include/libdrm -I/usr/include/libpng16  -pthread -I/usr/include/pango-1.0 -I/usr/include/cairo -I/usr/include/glib-2.0 -I/usr/lib64/glib-2.0/include -I/usr/include/pixman-1 -I/usr/include/freetype2 -I/usr/include/libdrm -I/usr/include/libpng16  -std=c99 -Wall -Wunused-value -Iinclude -march=native -O2 -pipe -c -o libi3/ipc_recv_message.o libi3/ipc_recv_message.c
echo "[i3] CC src/resize.c"
[i3] CC src/resize.c
x86_64-pc-linux-gnu-gcc -DI3_VERSION=\"'4.7.2 (2014-01-23, branch \"tags/4.7.2\")'\" -DMAJOR_VERSION=4 -DMINOR_VERSION=7 -DPATCH_VERSION=2 -DSYSCONFDIR=\"/etc\" -DI3__FILE__=__FILE__ -DPCRE_HAS_UCP=1 -DPANGO_SUPPORT=1 -D_GNU_SOURCE            -I/usr/include/cairo -I/usr/include/glib-2.0 -I/usr/lib64/glib-2.0/include -I/usr/include/pixman-1 -I/usr/include/freetype2 -I/usr/include/libdrm -I/usr/include/libpng16  -pthread -I/usr/include/pango-1.0 -I/usr/include/cairo -I/usr/include/glib-2.0 -I/usr/lib64/glib-2.0/include -I/usr/include/pixman-1 -I/usr/include/freetype2 -I/usr/include/libdrm -I/usr/include/libpng16  -I/usr/include/yajl  -idirafter /var/tmp/portage/x11-wm/i3-4.7.2/work/i3-4.7.2/yajl-fallback   -I/usr/include/startup-notification-1.0  -std=c99 -Wall -Wunused-value -Iinclude -march=native -O2 -pipe  -c -o src/resize.o ../i3-4.7.2/src/resize.c
echo "[i3] CC src/log.c"
[i3] CC src/log.c
x86_64-pc-linux-gnu-gcc -DI3_VERSION=\"'4.7.2 (2014-01-23, branch \"tags/4.7.2\")'\" -DMAJOR_VERSION=4 -DMINOR_VERSION=7 -DPATCH_VERSION=2 -DSYSCONFDIR=\"/etc\" -DI3__FILE__=__FILE__ -DPCRE_HAS_UCP=1 -DPANGO_SUPPORT=1 -D_GNU_SOURCE            -I/usr/include/cairo -I/usr/include/glib-2.0 -I/usr/lib64/glib-2.0/include -I/usr/include/pixman-1 -I/usr/include/freetype2 -I/usr/include/libdrm -I/usr/include/libpng16  -pthread -I/usr/include/pango-1.0 -I/usr/include/cairo -I/usr/include/glib-2.0 -I/usr/lib64/glib-2.0/include -I/usr/include/pixman-1 -I/usr/include/freetype2 -I/usr/include/libdrm -I/usr/include/libpng16  -I/usr/include/yajl  -idirafter /var/tmp/portage/x11-wm/i3-4.7.2/work/i3-4.7.2/yajl-fallback   -I/usr/include/startup-notification-1.0  -std=c99 -Wall -Wunused-value -Iinclude -march=native -O2 -pipe  -c -o src/log.o ../i3-4.7.2/src/log.c
echo "[i3] CC src/handlers.c"
[i3] CC src/handlers.c
x86_64-pc-linux-gnu-gcc -DI3_VERSION=\"'4.7.2 (2014-01-23, branch \"tags/4.7.2\")'\" -DMAJOR_VERSION=4 -DMINOR_VERSION=7 -DPATCH_VERSION=2 -DSYSCONFDIR=\"/etc\" -DI3__FILE__=__FILE__ -DPCRE_HAS_UCP=1 -DPANGO_SUPPORT=1 -D_GNU_SOURCE            -I/usr/include/cairo -I/usr/include/glib-2.0 -I/usr/lib64/glib-2.0/include -I/usr/include/pixman-1 -I/usr/include/freetype2 -I/usr/include/libdrm -I/usr/include/libpng16  -pthread -I/usr/include/pango-1.0 -I/usr/include/cairo -I/usr/include/glib-2.0 -I/usr/lib64/glib-2.0/include -I/usr/include/pixman-1 -I/usr/include/freetype2 -I/usr/include/libdrm -I/usr/include/libpng16  -I/usr/include/yajl  -idirafter /var/tmp/portage/x11-wm/i3-4.7.2/work/i3-4.7.2/yajl-fallback   -I/usr/include/startup-notification-1.0  -std=c99 -Wall -Wunused-value -Iinclude -march=native -O2 -pipe  -c -o src/handlers.o ../i3-4.7.2/src/handlers.c
echo "[i3] CC src/ewmh.c"
[i3] CC src/ewmh.c
x86_64-pc-linux-gnu-gcc -DI3_VERSION=\"'4.7.2 (2014-01-23, branch \"tags/4.7.2\")'\" -DMAJOR_VERSION=4 -DMINOR_VERSION=7 -DPATCH_VERSION=2 -DSYSCONFDIR=\"/etc\" -DI3__FILE__=__FILE__ -DPCRE_HAS_UCP=1 -DPANGO_SUPPORT=1 -D_GNU_SOURCE            -I/usr/include/cairo -I/usr/include/glib-2.0 -I/usr/lib64/glib-2.0/include -I/usr/include/pixman-1 -I/usr/include/freetype2 -I/usr/include/libdrm -I/usr/include/libpng16  -pthread -I/usr/include/pango-1.0 -I/usr/include/cairo -I/usr/include/glib-2.0 -I/usr/lib64/glib-2.0/include -I/usr/include/pixman-1 -I/usr/include/freetype2 -I/usr/include/libdrm -I/usr/include/libpng16  -I/usr/include/yajl  -idirafter /var/tmp/portage/x11-wm/i3-4.7.2/work/i3-4.7.2/yajl-fallback   -I/usr/include/startup-notification-1.0  -std=c99 -Wall -Wunused-value -Iinclude -march=native -O2 -pipe  -c -o src/ewmh.o ../i3-4.7.2/src/ewmh.c
echo "[i3] CC src/regex.c"
[i3] CC src/regex.c
x86_64-pc-linux-gnu-gcc -DI3_VERSION=\"'4.7.2 (2014-01-23, branch \"tags/4.7.2\")'\" -DMAJOR_VERSION=4 -DMINOR_VERSION=7 -DPATCH_VERSION=2 -DSYSCONFDIR=\"/etc\" -DI3__FILE__=__FILE__ -DPCRE_HAS_UCP=1 -DPANGO_SUPPORT=1 -D_GNU_SOURCE            -I/usr/include/cairo -I/usr/include/glib-2.0 -I/usr/lib64/glib-2.0/include -I/usr/include/pixman-1 -I/usr/include/freetype2 -I/usr/include/libdrm -I/usr/include/libpng16  -pthread -I/usr/include/pango-1.0 -I/usr/include/cairo -I/usr/include/glib-2.0 -I/usr/lib64/glib-2.0/include -I/usr/include/pixman-1 -I/usr/include/freetype2 -I/usr/include/libdrm -I/usr/include/libpng16  -I/usr/include/yajl  -idirafter /var/tmp/portage/x11-wm/i3-4.7.2/work/i3-4.7.2/yajl-fallback   -I/usr/include/startup-notification-1.0  -std=c99 -Wall -Wunused-value -Iinclude -march=native -O2 -pipe  -c -o src/regex.o ../i3-4.7.2/src/regex.c
echo "[i3] CC src/manage.c"
[i3] CC src/manage.c
x86_64-pc-linux-gnu-gcc -DI3_VERSION=\"'4.7.2 (2014-01-23, branch \"tags/4.7.2\")'\" -DMAJOR_VERSION=4 -DMINOR_VERSION=7 -DPATCH_VERSION=2 -DSYSCONFDIR=\"/etc\" -DI3__FILE__=__FILE__ -DPCRE_HAS_UCP=1 -DPANGO_SUPPORT=1 -D_GNU_SOURCE            -I/usr/include/cairo -I/usr/include/glib-2.0 -I/usr/lib64/glib-2.0/include -I/usr/include/pixman-1 -I/usr/include/freetype2 -I/usr/include/libdrm -I/usr/include/libpng16  -pthread -I/usr/include/pango-1.0 -I/usr/include/cairo -I/usr/include/glib-2.0 -I/usr/lib64/glib-2.0/include -I/usr/include/pixman-1 -I/usr/include/freetype2 -I/usr/include/libdrm -I/usr/include/libpng16  -I/usr/include/yajl  -idirafter /var/tmp/portage/x11-wm/i3-4.7.2/work/i3-4.7.2/yajl-fallback   -I/usr/include/startup-notification-1.0  -std=c99 -Wall -Wunused-value -Iinclude -march=native -O2 -pipe  -c -o src/manage.o ../i3-4.7.2/src/manage.c
echo "[i3] CC src/con.c"
[i3] CC src/con.c
x86_64-pc-linux-gnu-gcc -DI3_VERSION=\"'4.7.2 (2014-01-23, branch \"tags/4.7.2\")'\" -DMAJOR_VERSION=4 -DMINOR_VERSION=7 -DPATCH_VERSION=2 -DSYSCONFDIR=\"/etc\" -DI3__FILE__=__FILE__ -DPCRE_HAS_UCP=1 -DPANGO_SUPPORT=1 -D_GNU_SOURCE            -I/usr/include/cairo -I/usr/include/glib-2.0 -I/usr/lib64/glib-2.0/include -I/usr/include/pixman-1 -I/usr/include/freetype2 -I/usr/include/libdrm -I/usr/include/libpng16  -pthread -I/usr/include/pango-1.0 -I/usr/include/cairo -I/usr/include/glib-2.0 -I/usr/lib64/glib-2.0/include -I/usr/include/pixman-1 -I/usr/include/freetype2 -I/usr/include/libdrm -I/usr/include/libpng16  -I/usr/include/yajl  -idirafter /var/tmp/portage/x11-wm/i3-4.7.2/work/i3-4.7.2/yajl-fallback   -I/usr/include/startup-notification-1.0  -std=c99 -Wall -Wunused-value -Iinclude -march=native -O2 -pipe  -c -o src/con.o ../i3-4.7.2/src/con.c
echo "[i3] CC src/xinerama.c"
[i3] CC src/xinerama.c
x86_64-pc-linux-gnu-gcc -DI3_VERSION=\"'4.7.2 (2014-01-23, branch \"tags/4.7.2\")'\" -DMAJOR_VERSION=4 -DMINOR_VERSION=7 -DPATCH_VERSION=2 -DSYSCONFDIR=\"/etc\" -DI3__FILE__=__FILE__ -DPCRE_HAS_UCP=1 -DPANGO_SUPPORT=1 -D_GNU_SOURCE            -I/usr/include/cairo -I/usr/include/glib-2.0 -I/usr/lib64/glib-2.0/include -I/usr/include/pixman-1 -I/usr/include/freetype2 -I/usr/include/libdrm -I/usr/include/libpng16  -pthread -I/usr/include/pango-1.0 -I/usr/include/cairo -I/usr/include/glib-2.0 -I/usr/lib64/glib-2.0/include -I/usr/include/pixman-1 -I/usr/include/freetype2 -I/usr/include/libdrm -I/usr/include/libpng16  -I/usr/include/yajl  -idirafter /var/tmp/portage/x11-wm/i3-4.7.2/work/i3-4.7.2/yajl-fallback   -I/usr/include/startup-notification-1.0  -std=c99 -Wall -Wunused-value -Iinclude -march=native -O2 -pipe  -c -o src/xinerama.o ../i3-4.7.2/src/xinerama.c
echo "[i3] CC src/scratchpad.c"
[i3] CC src/scratchpad.c
x86_64-pc-linux-gnu-gcc -DI3_VERSION=\"'4.7.2 (2014-01-23, branch \"tags/4.7.2\")'\" -DMAJOR_VERSION=4 -DMINOR_VERSION=7 -DPATCH_VERSION=2 -DSYSCONFDIR=\"/etc\" -DI3__FILE__=__FILE__ -DPCRE_HAS_UCP=1 -DPANGO_SUPPORT=1 -D_GNU_SOURCE            -I/usr/include/cairo -I/usr/include/glib-2.0 -I/usr/lib64/glib-2.0/include -I/usr/include/pixman-1 -I/usr/include/freetype2 -I/usr/include/libdrm -I/usr/include/libpng16  -pthread -I/usr/include/pango-1.0 -I/usr/include/cairo -I/usr/include/glib-2.0 -I/usr/lib64/glib-2.0/include -I/usr/include/pixman-1 -I/usr/include/freetype2 -I/usr/include/libdrm -I/usr/include/libpng16  -I/usr/include/yajl  -idirafter /var/tmp/portage/x11-wm/i3-4.7.2/work/i3-4.7.2/yajl-fallback   -I/usr/include/startup-notification-1.0  -std=c99 -Wall -Wunused-value -Iinclude -march=native -O2 -pipe  -c -o src/scratchpad.o ../i3-4.7.2/src/scratchpad.c
echo "[i3] CC src/match.c"
[i3] CC src/match.c
x86_64-pc-linux-gnu-gcc -DI3_VERSION=\"'4.7.2 (2014-01-23, branch \"tags/4.7.2\")'\" -DMAJOR_VERSION=4 -DMINOR_VERSION=7 -DPATCH_VERSION=2 -DSYSCONFDIR=\"/etc\" -DI3__FILE__=__FILE__ -DPCRE_HAS_UCP=1 -DPANGO_SUPPORT=1 -D_GNU_SOURCE            -I/usr/include/cairo -I/usr/include/glib-2.0 -I/usr/lib64/glib-2.0/include -I/usr/include/pixman-1 -I/usr/include/freetype2 -I/usr/include/libdrm -I/usr/include/libpng16  -pthread -I/usr/include/pango-1.0 -I/usr/include/cairo -I/usr/include/glib-2.0 -I/usr/lib64/glib-2.0/include -I/usr/include/pixman-1 -I/usr/include/freetype2 -I/usr/include/libdrm -I/usr/include/libpng16  -I/usr/include/yajl  -idirafter /var/tmp/portage/x11-wm/i3-4.7.2/work/i3-4.7.2/yajl-fallback   -I/usr/include/startup-notification-1.0  -std=c99 -Wall -Wunused-value -Iinclude -march=native -O2 -pipe  -c -o src/match.o ../i3-4.7.2/src/match.c
echo "[i3] CC src/main.c"
[i3] CC src/main.c
x86_64-pc-linux-gnu-gcc -DI3_VERSION=\"'4.7.2 (2014-01-23, branch \"tags/4.7.2\")'\" -DMAJOR_VERSION=4 -DMINOR_VERSION=7 -DPATCH_VERSION=2 -DSYSCONFDIR=\"/etc\" -DI3__FILE__=__FILE__ -DPCRE_HAS_UCP=1 -DPANGO_SUPPORT=1 -D_GNU_SOURCE            -I/usr/include/cairo -I/usr/include/glib-2.0 -I/usr/lib64/glib-2.0/include -I/usr/include/pixman-1 -I/usr/include/freetype2 -I/usr/include/libdrm -I/usr/include/libpng16  -pthread -I/usr/include/pango-1.0 -I/usr/include/cairo -I/usr/include/glib-2.0 -I/usr/lib64/glib-2.0/include -I/usr/include/pixman-1 -I/usr/include/freetype2 -I/usr/include/libdrm -I/usr/include/libpng16  -I/usr/include/yajl  -idirafter /var/tmp/portage/x11-wm/i3-4.7.2/work/i3-4.7.2/yajl-fallback   -I/usr/include/startup-notification-1.0  -std=c99 -Wall -Wunused-value -Iinclude -march=native -O2 -pipe  -c -o src/main.o ../i3-4.7.2/src/main.c
echo "[i3] CC src/window.c"
[i3] CC src/window.c
x86_64-pc-linux-gnu-gcc -DI3_VERSION=\"'4.7.2 (2014-01-23, branch \"tags/4.7.2\")'\" -DMAJOR_VERSION=4 -DMINOR_VERSION=7 -DPATCH_VERSION=2 -DSYSCONFDIR=\"/etc\" -DI3__FILE__=__FILE__ -DPCRE_HAS_UCP=1 -DPANGO_SUPPORT=1 -D_GNU_SOURCE            -I/usr/include/cairo -I/usr/include/glib-2.0 -I/usr/lib64/glib-2.0/include -I/usr/include/pixman-1 -I/usr/include/freetype2 -I/usr/include/libdrm -I/usr/include/libpng16  -pthread -I/usr/include/pango-1.0 -I/usr/include/cairo -I/usr/include/glib-2.0 -I/usr/lib64/glib-2.0/include -I/usr/include/pixman-1 -I/usr/include/freetype2 -I/usr/include/libdrm -I/usr/include/libpng16  -I/usr/include/yajl  -idirafter /var/tmp/portage/x11-wm/i3-4.7.2/work/i3-4.7.2/yajl-fallback   -I/usr/include/startup-notification-1.0  -std=c99 -Wall -Wunused-value -Iinclude -march=native -O2 -pipe  -c -o src/window.o ../i3-4.7.2/src/window.c
echo "[i3] CC src/config.c"
[i3] CC src/config.c
x86_64-pc-linux-gnu-gcc -DI3_VERSION=\"'4.7.2 (2014-01-23, branch \"tags/4.7.2\")'\" -DMAJOR_VERSION=4 -DMINOR_VERSION=7 -DPATCH_VERSION=2 -DSYSCONFDIR=\"/etc\" -DI3__FILE__=__FILE__ -DPCRE_HAS_UCP=1 -DPANGO_SUPPORT=1 -D_GNU_SOURCE            -I/usr/include/cairo -I/usr/include/glib-2.0 -I/usr/lib64/glib-2.0/include -I/usr/include/pixman-1 -I/usr/include/freetype2 -I/usr/include/libdrm -I/usr/include/libpng16  -pthread -I/usr/include/pango-1.0 -I/usr/include/cairo -I/usr/include/glib-2.0 -I/usr/lib64/glib-2.0/include -I/usr/include/pixman-1 -I/usr/include/freetype2 -I/usr/include/libdrm -I/usr/include/libpng16  -I/usr/include/yajl  -idirafter /var/tmp/portage/x11-wm/i3-4.7.2/work/i3-4.7.2/yajl-fallback   -I/usr/include/startup-notification-1.0  -std=c99 -Wall -Wunused-value -Iinclude -march=native -O2 -pipe  -c -o src/config.o ../i3-4.7.2/src/config.c
echo "[i3] CC src/key_press.c"
[i3] CC src/key_press.c
x86_64-pc-linux-gnu-gcc -DI3_VERSION=\"'4.7.2 (2014-01-23, branch \"tags/4.7.2\")'\" -DMAJOR_VERSION=4 -DMINOR_VERSION=7 -DPATCH_VERSION=2 -DSYSCONFDIR=\"/etc\" -DI3__FILE__=__FILE__ -DPCRE_HAS_UCP=1 -DPANGO_SUPPORT=1 -D_GNU_SOURCE            -I/usr/include/cairo -I/usr/include/glib-2.0 -I/usr/lib64/glib-2.0/include -I/usr/include/pixman-1 -I/usr/include/freetype2 -I/usr/include/libdrm -I/usr/include/libpng16  -pthread -I/usr/include/pango-1.0 -I/usr/include/cairo -I/usr/include/glib-2.0 -I/usr/lib64/glib-2.0/include -I/usr/include/pixman-1 -I/usr/include/freetype2 -I/usr/include/libdrm -I/usr/include/libpng16  -I/usr/include/yajl  -idirafter /var/tmp/portage/x11-wm/i3-4.7.2/work/i3-4.7.2/yajl-fallback   -I/usr/include/startup-notification-1.0  -std=c99 -Wall -Wunused-value -Iinclude -march=native -O2 -pipe  -c -o src/key_press.o ../i3-4.7.2/src/key_press.c
echo "[i3] CC src/config_directives.c"
[i3] CC src/config_directives.c
x86_64-pc-linux-gnu-gcc -DI3_VERSION=\"'4.7.2 (2014-01-23, branch \"tags/4.7.2\")'\" -DMAJOR_VERSION=4 -DMINOR_VERSION=7 -DPATCH_VERSION=2 -DSYSCONFDIR=\"/etc\" -DI3__FILE__=__FILE__ -DPCRE_HAS_UCP=1 -DPANGO_SUPPORT=1 -D_GNU_SOURCE            -I/usr/include/cairo -I/usr/include/glib-2.0 -I/usr/lib64/glib-2.0/include -I/usr/include/pixman-1 -I/usr/include/freetype2 -I/usr/include/libdrm -I/usr/include/libpng16  -pthread -I/usr/include/pango-1.0 -I/usr/include/cairo -I/usr/include/glib-2.0 -I/usr/lib64/glib-2.0/include -I/usr/include/pixman-1 -I/usr/include/freetype2 -I/usr/include/libdrm -I/usr/include/libpng16  -I/usr/include/yajl  -idirafter /var/tmp/portage/x11-wm/i3-4.7.2/work/i3-4.7.2/yajl-fallback   -I/usr/include/startup-notification-1.0  -std=c99 -Wall -Wunused-value -Iinclude -march=native -O2 -pipe  -c -o src/config_directives.o ../i3-4.7.2/src/config_directives.c
echo "[i3] CC src/load_layout.c"
[i3] CC src/load_layout.c
x86_64-pc-linux-gnu-gcc -DI3_VERSION=\"'4.7.2 (2014-01-23, branch \"tags/4.7.2\")'\" -DMAJOR_VERSION=4 -DMINOR_VERSION=7 -DPATCH_VERSION=2 -DSYSCONFDIR=\"/etc\" -DI3__FILE__=__FILE__ -DPCRE_HAS_UCP=1 -DPANGO_SUPPORT=1 -D_GNU_SOURCE            -I/usr/include/cairo -I/usr/include/glib-2.0 -I/usr/lib64/glib-2.0/include -I/usr/include/pixman-1 -I/usr/include/freetype2 -I/usr/include/libdrm -I/usr/include/libpng16  -pthread -I/usr/include/pango-1.0 -I/usr/include/cairo -I/usr/include/glib-2.0 -I/usr/lib64/glib-2.0/include -I/usr/include/pixman-1 -I/usr/include/freetype2 -I/usr/include/libdrm -I/usr/include/libpng16  -I/usr/include/yajl  -idirafter /var/tmp/portage/x11-wm/i3-4.7.2/work/i3-4.7.2/yajl-fallback   -I/usr/include/startup-notification-1.0  -std=c99 -Wall -Wunused-value -Iinclude -march=native -O2 -pipe  -c -o src/load_layout.o ../i3-4.7.2/src/load_layout.c
echo "[i3] CC src/output.c"
[i3] CC src/output.c
x86_64-pc-linux-gnu-gcc -DI3_VERSION=\"'4.7.2 (2014-01-23, branch \"tags/4.7.2\")'\" -DMAJOR_VERSION=4 -DMINOR_VERSION=7 -DPATCH_VERSION=2 -DSYSCONFDIR=\"/etc\" -DI3__FILE__=__FILE__ -DPCRE_HAS_UCP=1 -DPANGO_SUPPORT=1 -D_GNU_SOURCE            -I/usr/include/cairo -I/usr/include/glib-2.0 -I/usr/lib64/glib-2.0/include -I/usr/include/pixman-1 -I/usr/include/freetype2 -I/usr/include/libdrm -I/usr/include/libpng16  -pthread -I/usr/include/pango-1.0 -I/usr/include/cairo -I/usr/include/glib-2.0 -I/usr/lib64/glib-2.0/include -I/usr/include/pixman-1 -I/usr/include/freetype2 -I/usr/include/libdrm -I/usr/include/libpng16  -I/usr/include/yajl  -idirafter /var/tmp/portage/x11-wm/i3-4.7.2/work/i3-4.7.2/yajl-fallback   -I/usr/include/startup-notification-1.0  -std=c99 -Wall -Wunused-value -Iinclude -march=native -O2 -pipe  -c -o src/output.o ../i3-4.7.2/src/output.c
echo "[i3] CC src/floating.c"
[i3] CC src/floating.c
x86_64-pc-linux-gnu-gcc -DI3_VERSION=\"'4.7.2 (2014-01-23, branch \"tags/4.7.2\")'\" -DMAJOR_VERSION=4 -DMINOR_VERSION=7 -DPATCH_VERSION=2 -DSYSCONFDIR=\"/etc\" -DI3__FILE__=__FILE__ -DPCRE_HAS_UCP=1 -DPANGO_SUPPORT=1 -D_GNU_SOURCE            -I/usr/include/cairo -I/usr/include/glib-2.0 -I/usr/lib64/glib-2.0/include -I/usr/include/pixman-1 -I/usr/include/freetype2 -I/usr/include/libdrm -I/usr/include/libpng16  -pthread -I/usr/include/pango-1.0 -I/usr/include/cairo -I/usr/include/glib-2.0 -I/usr/lib64/glib-2.0/include -I/usr/include/pixman-1 -I/usr/include/freetype2 -I/usr/include/libdrm -I/usr/include/libpng16  -I/usr/include/yajl  -idirafter /var/tmp/portage/x11-wm/i3-4.7.2/work/i3-4.7.2/yajl-fallback   -I/usr/include/startup-notification-1.0  -std=c99 -Wall -Wunused-value -Iinclude -march=native -O2 -pipe  -c -o src/floating.o ../i3-4.7.2/src/floating.c
echo "[i3] CC src/xcb.c"
[i3] CC src/xcb.c
x86_64-pc-linux-gnu-gcc -DI3_VERSION=\"'4.7.2 (2014-01-23, branch \"tags/4.7.2\")'\" -DMAJOR_VERSION=4 -DMINOR_VERSION=7 -DPATCH_VERSION=2 -DSYSCONFDIR=\"/etc\" -DI3__FILE__=__FILE__ -DPCRE_HAS_UCP=1 -DPANGO_SUPPORT=1 -D_GNU_SOURCE            -I/usr/include/cairo -I/usr/include/glib-2.0 -I/usr/lib64/glib-2.0/include -I/usr/include/pixman-1 -I/usr/include/freetype2 -I/usr/include/libdrm -I/usr/include/libpng16  -pthread -I/usr/include/pango-1.0 -I/usr/include/cairo -I/usr/include/glib-2.0 -I/usr/lib64/glib-2.0/include -I/usr/include/pixman-1 -I/usr/include/freetype2 -I/usr/include/libdrm -I/usr/include/libpng16  -I/usr/include/yajl  -idirafter /var/tmp/portage/x11-wm/i3-4.7.2/work/i3-4.7.2/yajl-fallback   -I/usr/include/startup-notification-1.0  -std=c99 -Wall -Wunused-value -Iinclude -march=native -O2 -pipe  -c -o src/xcb.o ../i3-4.7.2/src/xcb.c
echo "[i3] CC src/ipc.c"
[i3] CC src/ipc.c
x86_64-pc-linux-gnu-gcc -DI3_VERSION=\"'4.7.2 (2014-01-23, branch \"tags/4.7.2\")'\" -DMAJOR_VERSION=4 -DMINOR_VERSION=7 -DPATCH_VERSION=2 -DSYSCONFDIR=\"/etc\" -DI3__FILE__=__FILE__ -DPCRE_HAS_UCP=1 -DPANGO_SUPPORT=1 -D_GNU_SOURCE            -I/usr/include/cairo -I/usr/include/glib-2.0 -I/usr/lib64/glib-2.0/include -I/usr/include/pixman-1 -I/usr/include/freetype2 -I/usr/include/libdrm -I/usr/include/libpng16  -pthread -I/usr/include/pango-1.0 -I/usr/include/cairo -I/usr/include/glib-2.0 -I/usr/lib64/glib-2.0/include -I/usr/include/pixman-1 -I/usr/include/freetype2 -I/usr/include/libdrm -I/usr/include/libpng16  -I/usr/include/yajl  -idirafter /var/tmp/portage/x11-wm/i3-4.7.2/work/i3-4.7.2/yajl-fallback   -I/usr/include/startup-notification-1.0  -std=c99 -Wall -Wunused-value -Iinclude -march=native -O2 -pipe  -c -o src/ipc.o ../i3-4.7.2/src/ipc.c
echo "[i3] CC src/sd-daemon.c"
[i3] CC src/sd-daemon.c
x86_64-pc-linux-gnu-gcc -DI3_VERSION=\"'4.7.2 (2014-01-23, branch \"tags/4.7.2\")'\" -DMAJOR_VERSION=4 -DMINOR_VERSION=7 -DPATCH_VERSION=2 -DSYSCONFDIR=\"/etc\" -DI3__FILE__=__FILE__ -DPCRE_HAS_UCP=1 -DPANGO_SUPPORT=1 -D_GNU_SOURCE            -I/usr/include/cairo -I/usr/include/glib-2.0 -I/usr/lib64/glib-2.0/include -I/usr/include/pixman-1 -I/usr/include/freetype2 -I/usr/include/libdrm -I/usr/include/libpng16  -pthread -I/usr/include/pango-1.0 -I/usr/include/cairo -I/usr/include/glib-2.0 -I/usr/lib64/glib-2.0/include -I/usr/include/pixman-1 -I/usr/include/freetype2 -I/usr/include/libdrm -I/usr/include/libpng16  -I/usr/include/yajl  -idirafter /var/tmp/portage/x11-wm/i3-4.7.2/work/i3-4.7.2/yajl-fallback   -I/usr/include/startup-notification-1.0  -std=c99 -Wall -Wunused-value -Iinclude -march=native -O2 -pipe  -c -o src/sd-daemon.o ../i3-4.7.2/src/sd-daemon.c
echo "[i3] CC src/xcursor.c"
[i3] CC src/xcursor.c
x86_64-pc-linux-gnu-gcc -DI3_VERSION=\"'4.7.2 (2014-01-23, branch \"tags/4.7.2\")'\" -DMAJOR_VERSION=4 -DMINOR_VERSION=7 -DPATCH_VERSION=2 -DSYSCONFDIR=\"/etc\" -DI3__FILE__=__FILE__ -DPCRE_HAS_UCP=1 -DPANGO_SUPPORT=1 -D_GNU_SOURCE            -I/usr/include/cairo -I/usr/include/glib-2.0 -I/usr/lib64/glib-2.0/include -I/usr/include/pixman-1 -I/usr/include/freetype2 -I/usr/include/libdrm -I/usr/include/libpng16  -pthread -I/usr/include/pango-1.0 -I/usr/include/cairo -I/usr/include/glib-2.0 -I/usr/lib64/glib-2.0/include -I/usr/include/pixman-1 -I/usr/include/freetype2 -I/usr/include/libdrm -I/usr/include/libpng16  -I/usr/include/yajl  -idirafter /var/tmp/portage/x11-wm/i3-4.7.2/work/i3-4.7.2/yajl-fallback   -I/usr/include/startup-notification-1.0  -std=c99 -Wall -Wunused-value -Iinclude -march=native -O2 -pipe  -c -o src/xcursor.o ../i3-4.7.2/src/xcursor.c
echo "[i3] CC src/move.c"
[i3] CC src/move.c
x86_64-pc-linux-gnu-gcc -DI3_VERSION=\"'4.7.2 (2014-01-23, branch \"tags/4.7.2\")'\" -DMAJOR_VERSION=4 -DMINOR_VERSION=7 -DPATCH_VERSION=2 -DSYSCONFDIR=\"/etc\" -DI3__FILE__=__FILE__ -DPCRE_HAS_UCP=1 -DPANGO_SUPPORT=1 -D_GNU_SOURCE            -I/usr/include/cairo -I/usr/include/glib-2.0 -I/usr/lib64/glib-2.0/include -I/usr/include/pixman-1 -I/usr/include/freetype2 -I/usr/include/libdrm -I/usr/include/libpng16  -pthread -I/usr/include/pango-1.0 -I/usr/include/cairo -I/usr/include/glib-2.0 -I/usr/lib64/glib-2.0/include -I/usr/include/pixman-1 -I/usr/include/freetype2 -I/usr/include/libdrm -I/usr/include/libpng16  -I/usr/include/yajl  -idirafter /var/tmp/portage/x11-wm/i3-4.7.2/work/i3-4.7.2/yajl-fallback   -I/usr/include/startup-notification-1.0  -std=c99 -Wall -Wunused-value -Iinclude -march=native -O2 -pipe  -c -o src/move.o ../i3-4.7.2/src/move.c
echo "[i3] CC src/commands.c"
[i3] CC src/commands.c
x86_64-pc-linux-gnu-gcc -DI3_VERSION=\"'4.7.2 (2014-01-23, branch \"tags/4.7.2\")'\" -DMAJOR_VERSION=4 -DMINOR_VERSION=7 -DPATCH_VERSION=2 -DSYSCONFDIR=\"/etc\" -DI3__FILE__=__FILE__ -DPCRE_HAS_UCP=1 -DPANGO_SUPPORT=1 -D_GNU_SOURCE            -I/usr/include/cairo -I/usr/include/glib-2.0 -I/usr/lib64/glib-2.0/include -I/usr/include/pixman-1 -I/usr/include/freetype2 -I/usr/include/libdrm -I/usr/include/libpng16  -pthread -I/usr/include/pango-1.0 -I/usr/include/cairo -I/usr/include/glib-2.0 -I/usr/lib64/glib-2.0/include -I/usr/include/pixman-1 -I/usr/include/freetype2 -I/usr/include/libdrm -I/usr/include/libpng16  -I/usr/include/yajl  -idirafter /var/tmp/portage/x11-wm/i3-4.7.2/work/i3-4.7.2/yajl-fallback   -I/usr/include/startup-notification-1.0  -std=c99 -Wall -Wunused-value -Iinclude -march=native -O2 -pipe  -c -o src/commands.o ../i3-4.7.2/src/commands.c
echo "[i3] Generating command parser"
[i3] Generating command parser
(cd /var/tmp/portage/x11-wm/i3-4.7.2/work/i3-4.7.2/include; ../generate-command-parser.pl --input=../parser-specs/commands.spec --prefix=command)
touch i3-command-parser.stamp
echo "[i3] CC src/debug.c"
[i3] CC src/debug.c
x86_64-pc-linux-gnu-gcc -DI3_VERSION=\"'4.7.2 (2014-01-23, branch \"tags/4.7.2\")'\" -DMAJOR_VERSION=4 -DMINOR_VERSION=7 -DPATCH_VERSION=2 -DSYSCONFDIR=\"/etc\" -DI3__FILE__=__FILE__ -DPCRE_HAS_UCP=1 -DPANGO_SUPPORT=1 -D_GNU_SOURCE            -I/usr/include/cairo -I/usr/include/glib-2.0 -I/usr/lib64/glib-2.0/include -I/usr/include/pixman-1 -I/usr/include/freetype2 -I/usr/include/libdrm -I/usr/include/libpng16  -pthread -I/usr/include/pango-1.0 -I/usr/include/cairo -I/usr/include/glib-2.0 -I/usr/lib64/glib-2.0/include -I/usr/include/pixman-1 -I/usr/include/freetype2 -I/usr/include/libdrm -I/usr/include/libpng16  -I/usr/include/yajl  -idirafter /var/tmp/portage/x11-wm/i3-4.7.2/work/i3-4.7.2/yajl-fallback   -I/usr/include/startup-notification-1.0  -std=c99 -Wall -Wunused-value -Iinclude -march=native -O2 -pipe  -c -o src/debug.o ../i3-4.7.2/src/debug.c
echo "[i3] CC src/x.c"
[i3] CC src/x.c
x86_64-pc-linux-gnu-gcc -DI3_VERSION=\"'4.7.2 (2014-01-23, branch \"tags/4.7.2\")'\" -DMAJOR_VERSION=4 -DMINOR_VERSION=7 -DPATCH_VERSION=2 -DSYSCONFDIR=\"/etc\" -DI3__FILE__=__FILE__ -DPCRE_HAS_UCP=1 -DPANGO_SUPPORT=1 -D_GNU_SOURCE            -I/usr/include/cairo -I/usr/include/glib-2.0 -I/usr/lib64/glib-2.0/include -I/usr/include/pixman-1 -I/usr/include/freetype2 -I/usr/include/libdrm -I/usr/include/libpng16  -pthread -I/usr/include/pango-1.0 -I/usr/include/cairo -I/usr/include/glib-2.0 -I/usr/lib64/glib-2.0/include -I/usr/include/pixman-1 -I/usr/include/freetype2 -I/usr/include/libdrm -I/usr/include/libpng16  -I/usr/include/yajl  -idirafter /var/tmp/portage/x11-wm/i3-4.7.2/work/i3-4.7.2/yajl-fallback   -I/usr/include/startup-notification-1.0  -std=c99 -Wall -Wunused-value -Iinclude -march=native -O2 -pipe  -c -o src/x.o ../i3-4.7.2/src/x.c
echo "[i3] CC src/util.c"
echo "[i3] CC src/workspace.c"
[i3] CC src/util.c
x86_64-pc-linux-gnu-gcc -DI3_VERSION=\"'4.7.2 (2014-01-23, branch \"tags/4.7.2\")'\" -DMAJOR_VERSION=4 -DMINOR_VERSION=7 -DPATCH_VERSION=2 -DSYSCONFDIR=\"/etc\" -DI3__FILE__=__FILE__ -DPCRE_HAS_UCP=1 -DPANGO_SUPPORT=1 -D_GNU_SOURCE            -I/usr/include/cairo -I/usr/include/glib-2.0 -I/usr/lib64/glib-2.0/include -I/usr/include/pixman-1 -I/usr/include/freetype2 -I/usr/include/libdrm -I/usr/include/libpng16  -pthread -I/usr/include/pango-1.0 -I/usr/include/cairo -I/usr/include/glib-2.0 -I/usr/lib64/glib-2.0/include -I/usr/include/pixman-1 -I/usr/include/freetype2 -I/usr/include/libdrm -I/usr/include/libpng16  -I/usr/include/yajl  -idirafter /var/tmp/portage/x11-wm/i3-4.7.2/work/i3-4.7.2/yajl-fallback   -I/usr/include/startup-notification-1.0  -std=c99 -Wall -Wunused-value -Iinclude -march=native -O2 -pipe  -c -o src/util.o ../i3-4.7.2/src/util.c
[i3] CC src/workspace.c
x86_64-pc-linux-gnu-gcc -DI3_VERSION=\"'4.7.2 (2014-01-23, branch \"tags/4.7.2\")'\" -DMAJOR_VERSION=4 -DMINOR_VERSION=7 -DPATCH_VERSION=2 -DSYSCONFDIR=\"/etc\" -DI3__FILE__=__FILE__ -DPCRE_HAS_UCP=1 -DPANGO_SUPPORT=1 -D_GNU_SOURCE            -I/usr/include/cairo -I/usr/include/glib-2.0 -I/usr/lib64/glib-2.0/include -I/usr/include/pixman-1 -I/usr/include/freetype2 -I/usr/include/libdrm -I/usr/include/libpng16  -pthread -I/usr/include/pango-1.0 -I/usr/include/cairo -I/usr/include/glib-2.0 -I/usr/lib64/glib-2.0/include -I/usr/include/pixman-1 -I/usr/include/freetype2 -I/usr/include/libdrm -I/usr/include/libpng16  -I/usr/include/yajl  -idirafter /var/tmp/portage/x11-wm/i3-4.7.2/work/i3-4.7.2/yajl-fallback   -I/usr/include/startup-notification-1.0  -std=c99 -Wall -Wunused-value -Iinclude -march=native -O2 -pipe  -c -o src/workspace.o ../i3-4.7.2/src/workspace.c
echo "[i3] CC src/click.c"
[i3] CC src/click.c
x86_64-pc-linux-gnu-gcc -DI3_VERSION=\"'4.7.2 (2014-01-23, branch \"tags/4.7.2\")'\" -DMAJOR_VERSION=4 -DMINOR_VERSION=7 -DPATCH_VERSION=2 -DSYSCONFDIR=\"/etc\" -DI3__FILE__=__FILE__ -DPCRE_HAS_UCP=1 -DPANGO_SUPPORT=1 -D_GNU_SOURCE            -I/usr/include/cairo -I/usr/include/glib-2.0 -I/usr/lib64/glib-2.0/include -I/usr/include/pixman-1 -I/usr/include/freetype2 -I/usr/include/libdrm -I/usr/include/libpng16  -pthread -I/usr/include/pango-1.0 -I/usr/include/cairo -I/usr/include/glib-2.0 -I/usr/lib64/glib-2.0/include -I/usr/include/pixman-1 -I/usr/include/freetype2 -I/usr/include/libdrm -I/usr/include/libpng16  -I/usr/include/yajl  -idirafter /var/tmp/portage/x11-wm/i3-4.7.2/work/i3-4.7.2/yajl-fallback   -I/usr/include/startup-notification-1.0  -std=c99 -Wall -Wunused-value -Iinclude -march=native -O2 -pipe  -c -o src/click.o ../i3-4.7.2/src/click.c
echo "[i3] Generating config parser"
echo "[i3] CC src/sighandler.c"
[i3] Generating config parser
(cd /var/tmp/portage/x11-wm/i3-4.7.2/work/i3-4.7.2/include; ../generate-command-parser.pl --input=../parser-specs/config.spec --prefix=config)
[i3] CC src/sighandler.c
x86_64-pc-linux-gnu-gcc -DI3_VERSION=\"'4.7.2 (2014-01-23, branch \"tags/4.7.2\")'\" -DMAJOR_VERSION=4 -DMINOR_VERSION=7 -DPATCH_VERSION=2 -DSYSCONFDIR=\"/etc\" -DI3__FILE__=__FILE__ -DPCRE_HAS_UCP=1 -DPANGO_SUPPORT=1 -D_GNU_SOURCE            -I/usr/include/cairo -I/usr/include/glib-2.0 -I/usr/lib64/glib-2.0/include -I/usr/include/pixman-1 -I/usr/include/freetype2 -I/usr/include/libdrm -I/usr/include/libpng16  -pthread -I/usr/include/pango-1.0 -I/usr/include/cairo -I/usr/include/glib-2.0 -I/usr/lib64/glib-2.0/include -I/usr/include/pixman-1 -I/usr/include/freetype2 -I/usr/include/libdrm -I/usr/include/libpng16  -I/usr/include/yajl  -idirafter /var/tmp/portage/x11-wm/i3-4.7.2/work/i3-4.7.2/yajl-fallback   -I/usr/include/startup-notification-1.0  -std=c99 -Wall -Wunused-value -Iinclude -march=native -O2 -pipe  -c -o src/sighandler.o ../i3-4.7.2/src/sighandler.c
../i3-4.7.2/src/click.c: In function ‘tiling_resize_for_border’:
../i3-4.7.2/src/click.c:49:10: warning: ‘search_direction’ may be used uninitialized in this function [-Wmaybe-uninitialized]
touch i3-config-parser.stamp
echo "[i3] CC src/fake_outputs.c"
[i3] CC src/fake_outputs.c
x86_64-pc-linux-gnu-gcc -DI3_VERSION=\"'4.7.2 (2014-01-23, branch \"tags/4.7.2\")'\" -DMAJOR_VERSION=4 -DMINOR_VERSION=7 -DPATCH_VERSION=2 -DSYSCONFDIR=\"/etc\" -DI3__FILE__=__FILE__ -DPCRE_HAS_UCP=1 -DPANGO_SUPPORT=1 -D_GNU_SOURCE            -I/usr/include/cairo -I/usr/include/glib-2.0 -I/usr/lib64/glib-2.0/include -I/usr/include/pixman-1 -I/usr/include/freetype2 -I/usr/include/libdrm -I/usr/include/libpng16  -pthread -I/usr/include/pango-1.0 -I/usr/include/cairo -I/usr/include/glib-2.0 -I/usr/lib64/glib-2.0/include -I/usr/include/pixman-1 -I/usr/include/freetype2 -I/usr/include/libdrm -I/usr/include/libpng16  -I/usr/include/yajl  -idirafter /var/tmp/portage/x11-wm/i3-4.7.2/work/i3-4.7.2/yajl-fallback   -I/usr/include/startup-notification-1.0  -std=c99 -Wall -Wunused-value -Iinclude -march=native -O2 -pipe  -c -o src/fake_outputs.o ../i3-4.7.2/src/fake_outputs.c
echo "[i3] CC src/randr.c"
[i3] CC src/randr.c
x86_64-pc-linux-gnu-gcc -DI3_VERSION=\"'4.7.2 (2014-01-23, branch \"tags/4.7.2\")'\" -DMAJOR_VERSION=4 -DMINOR_VERSION=7 -DPATCH_VERSION=2 -DSYSCONFDIR=\"/etc\" -DI3__FILE__=__FILE__ -DPCRE_HAS_UCP=1 -DPANGO_SUPPORT=1 -D_GNU_SOURCE            -I/usr/include/cairo -I/usr/include/glib-2.0 -I/usr/lib64/glib-2.0/include -I/usr/include/pixman-1 -I/usr/include/freetype2 -I/usr/include/libdrm -I/usr/include/libpng16  -pthread -I/usr/include/pango-1.0 -I/usr/include/cairo -I/usr/include/glib-2.0 -I/usr/lib64/glib-2.0/include -I/usr/include/pixman-1 -I/usr/include/freetype2 -I/usr/include/libdrm -I/usr/include/libpng16  -I/usr/include/yajl  -idirafter /var/tmp/portage/x11-wm/i3-4.7.2/work/i3-4.7.2/yajl-fallback   -I/usr/include/startup-notification-1.0  -std=c99 -Wall -Wunused-value -Iinclude -march=native -O2 -pipe  -c -o src/randr.o ../i3-4.7.2/src/randr.c
../i3-4.7.2/src/sighandler.c: In function ‘backtrace’:
../i3-4.7.2/src/sighandler.c:74:13: warning: ignoring return value of ‘pipe’, declared with attribute warn_unused_result [-Wunused-result]
../i3-4.7.2/src/sighandler.c:75:13: warning: ignoring return value of ‘pipe’, declared with attribute warn_unused_result [-Wunused-result]
echo "[i3] CC src/assignments.c"
[i3] CC src/assignments.c
x86_64-pc-linux-gnu-gcc -DI3_VERSION=\"'4.7.2 (2014-01-23, branch \"tags/4.7.2\")'\" -DMAJOR_VERSION=4 -DMINOR_VERSION=7 -DPATCH_VERSION=2 -DSYSCONFDIR=\"/etc\" -DI3__FILE__=__FILE__ -DPCRE_HAS_UCP=1 -DPANGO_SUPPORT=1 -D_GNU_SOURCE            -I/usr/include/cairo -I/usr/include/glib-2.0 -I/usr/lib64/glib-2.0/include -I/usr/include/pixman-1 -I/usr/include/freetype2 -I/usr/include/libdrm -I/usr/include/libpng16  -pthread -I/usr/include/pango-1.0 -I/usr/include/cairo -I/usr/include/glib-2.0 -I/usr/lib64/glib-2.0/include -I/usr/include/pixman-1 -I/usr/include/freetype2 -I/usr/include/libdrm -I/usr/include/libpng16  -I/usr/include/yajl  -idirafter /var/tmp/portage/x11-wm/i3-4.7.2/work/i3-4.7.2/yajl-fallback   -I/usr/include/startup-notification-1.0  -std=c99 -Wall -Wunused-value -Iinclude -march=native -O2 -pipe  -c -o src/assignments.o ../i3-4.7.2/src/assignments.c
echo "[i3] CC src/display_version.c"
[i3] CC src/display_version.c
x86_64-pc-linux-gnu-gcc -DI3_VERSION=\"'4.7.2 (2014-01-23, branch \"tags/4.7.2\")'\" -DMAJOR_VERSION=4 -DMINOR_VERSION=7 -DPATCH_VERSION=2 -DSYSCONFDIR=\"/etc\" -DI3__FILE__=__FILE__ -DPCRE_HAS_UCP=1 -DPANGO_SUPPORT=1 -D_GNU_SOURCE            -I/usr/include/cairo -I/usr/include/glib-2.0 -I/usr/lib64/glib-2.0/include -I/usr/include/pixman-1 -I/usr/include/freetype2 -I/usr/include/libdrm -I/usr/include/libpng16  -pthread -I/usr/include/pango-1.0 -I/usr/include/cairo -I/usr/include/glib-2.0 -I/usr/lib64/glib-2.0/include -I/usr/include/pixman-1 -I/usr/include/freetype2 -I/usr/include/libdrm -I/usr/include/libpng16  -I/usr/include/yajl  -idirafter /var/tmp/portage/x11-wm/i3-4.7.2/work/i3-4.7.2/yajl-fallback   -I/usr/include/startup-notification-1.0  -std=c99 -Wall -Wunused-value -Iinclude -march=native -O2 -pipe  -c -o src/display_version.o ../i3-4.7.2/src/display_version.c
echo "[i3] CC src/render.c"
[i3] CC src/render.c
x86_64-pc-linux-gnu-gcc -DI3_VERSION=\"'4.7.2 (2014-01-23, branch \"tags/4.7.2\")'\" -DMAJOR_VERSION=4 -DMINOR_VERSION=7 -DPATCH_VERSION=2 -DSYSCONFDIR=\"/etc\" -DI3__FILE__=__FILE__ -DPCRE_HAS_UCP=1 -DPANGO_SUPPORT=1 -D_GNU_SOURCE            -I/usr/include/cairo -I/usr/include/glib-2.0 -I/usr/lib64/glib-2.0/include -I/usr/include/pixman-1 -I/usr/include/freetype2 -I/usr/include/libdrm -I/usr/include/libpng16  -pthread -I/usr/include/pango-1.0 -I/usr/include/cairo -I/usr/include/glib-2.0 -I/usr/lib64/glib-2.0/include -I/usr/include/pixman-1 -I/usr/include/freetype2 -I/usr/include/libdrm -I/usr/include/libpng16  -I/usr/include/yajl  -idirafter /var/tmp/portage/x11-wm/i3-4.7.2/work/i3-4.7.2/yajl-fallback   -I/usr/include/startup-notification-1.0  -std=c99 -Wall -Wunused-value -Iinclude -march=native -O2 -pipe  -c -o src/render.o ../i3-4.7.2/src/render.c
echo "[i3] CC src/startup.c"
[i3] CC src/startup.c
x86_64-pc-linux-gnu-gcc -DI3_VERSION=\"'4.7.2 (2014-01-23, branch \"tags/4.7.2\")'\" -DMAJOR_VERSION=4 -DMINOR_VERSION=7 -DPATCH_VERSION=2 -DSYSCONFDIR=\"/etc\" -DI3__FILE__=__FILE__ -DPCRE_HAS_UCP=1 -DPANGO_SUPPORT=1 -D_GNU_SOURCE            -I/usr/include/cairo -I/usr/include/glib-2.0 -I/usr/lib64/glib-2.0/include -I/usr/include/pixman-1 -I/usr/include/freetype2 -I/usr/include/libdrm -I/usr/include/libpng16  -pthread -I/usr/include/pango-1.0 -I/usr/include/cairo -I/usr/include/glib-2.0 -I/usr/lib64/glib-2.0/include -I/usr/include/pixman-1 -I/usr/include/freetype2 -I/usr/include/libdrm -I/usr/include/libpng16  -I/usr/include/yajl  -idirafter /var/tmp/portage/x11-wm/i3-4.7.2/work/i3-4.7.2/yajl-fallback   -I/usr/include/startup-notification-1.0  -std=c99 -Wall -Wunused-value -Iinclude -march=native -O2 -pipe  -c -o src/startup.o ../i3-4.7.2/src/startup.c
echo "[i3] CC src/tree.c"
[i3] CC src/tree.c
x86_64-pc-linux-gnu-gcc -DI3_VERSION=\"'4.7.2 (2014-01-23, branch \"tags/4.7.2\")'\" -DMAJOR_VERSION=4 -DMINOR_VERSION=7 -DPATCH_VERSION=2 -DSYSCONFDIR=\"/etc\" -DI3__FILE__=__FILE__ -DPCRE_HAS_UCP=1 -DPANGO_SUPPORT=1 -D_GNU_SOURCE            -I/usr/include/cairo -I/usr/include/glib-2.0 -I/usr/lib64/glib-2.0/include -I/usr/include/pixman-1 -I/usr/include/freetype2 -I/usr/include/libdrm -I/usr/include/libpng16  -pthread -I/usr/include/pango-1.0 -I/usr/include/cairo -I/usr/include/glib-2.0 -I/usr/lib64/glib-2.0/include -I/usr/include/pixman-1 -I/usr/include/freetype2 -I/usr/include/libdrm -I/usr/include/libpng16  -I/usr/include/yajl  -idirafter /var/tmp/portage/x11-wm/i3-4.7.2/work/i3-4.7.2/yajl-fallback   -I/usr/include/startup-notification-1.0  -std=c99 -Wall -Wunused-value -Iinclude -march=native -O2 -pipe  -c -o src/tree.o ../i3-4.7.2/src/tree.c
echo "[i3-config-wizard] CC i3-config-wizard/main.c"
[i3-config-wizard] CC i3-config-wizard/main.c
x86_64-pc-linux-gnu-gcc -DI3_VERSION=\"'4.7.2 (2014-01-23, branch \"tags/4.7.2\")'\" -DMAJOR_VERSION=4 -DMINOR_VERSION=7 -DPATCH_VERSION=2 -DSYSCONFDIR=\"/etc\" -DI3__FILE__=__FILE__ -DPCRE_HAS_UCP=1 -DPANGO_SUPPORT=1 -D_GNU_SOURCE        -I/usr/include/cairo -I/usr/include/glib-2.0 -I/usr/lib64/glib-2.0/include -I/usr/include/pixman-1 -I/usr/include/freetype2 -I/usr/include/libdrm -I/usr/include/libpng16  -pthread -I/usr/include/pango-1.0 -I/usr/include/cairo -I/usr/include/glib-2.0 -I/usr/lib64/glib-2.0/include -I/usr/include/pixman-1 -I/usr/include/freetype2 -I/usr/include/libdrm -I/usr/include/libpng16  -std=c99 -Wall -Wunused-value -Iinclude -march=native -O2 -pipe -c -o i3-config-wizard/main.o i3-config-wizard/main.c
echo "[i3-msg] CC i3-msg/main.c"
[i3-msg] CC i3-msg/main.c
x86_64-pc-linux-gnu-gcc -DI3_VERSION=\"'4.7.2 (2014-01-23, branch \"tags/4.7.2\")'\" -DMAJOR_VERSION=4 -DMINOR_VERSION=7 -DPATCH_VERSION=2 -DSYSCONFDIR=\"/etc\" -DI3__FILE__=__FILE__ -DPCRE_HAS_UCP=1 -DPANGO_SUPPORT=1 -D_GNU_SOURCE      -I/usr/include/cairo -I/usr/include/glib-2.0 -I/usr/lib64/glib-2.0/include -I/usr/include/pixman-1 -I/usr/include/freetype2 -I/usr/include/libdrm -I/usr/include/libpng16  -pthread -I/usr/include/pango-1.0 -I/usr/include/cairo -I/usr/include/glib-2.0 -I/usr/lib64/glib-2.0/include -I/usr/include/pixman-1 -I/usr/include/freetype2 -I/usr/include/libdrm -I/usr/include/libpng16  -I/usr/include/yajl  -idirafter /var/tmp/portage/x11-wm/i3-4.7.2/work/i3-4.7.2/yajl-fallback -std=c99 -Wall -Wunused-value -Iinclude -march=native -O2 -pipe -c -o i3-msg/main.o i3-msg/main.c
echo "[i3-input] CC i3-input/keysym2ucs.c"
[i3-input] CC i3-input/keysym2ucs.c
x86_64-pc-linux-gnu-gcc -DI3_VERSION=\"'4.7.2 (2014-01-23, branch \"tags/4.7.2\")'\" -DMAJOR_VERSION=4 -DMINOR_VERSION=7 -DPATCH_VERSION=2 -DSYSCONFDIR=\"/etc\" -DI3__FILE__=__FILE__ -DPCRE_HAS_UCP=1 -DPANGO_SUPPORT=1 -D_GNU_SOURCE       -I/usr/include/cairo -I/usr/include/glib-2.0 -I/usr/lib64/glib-2.0/include -I/usr/include/pixman-1 -I/usr/include/freetype2 -I/usr/include/libdrm -I/usr/include/libpng16  -pthread -I/usr/include/pango-1.0 -I/usr/include/cairo -I/usr/include/glib-2.0 -I/usr/lib64/glib-2.0/include -I/usr/include/pixman-1 -I/usr/include/freetype2 -I/usr/include/libdrm -I/usr/include/libpng16  -std=c99 -Wall -Wunused-value -Iinclude -march=native -O2 -pipe -c -o i3-input/keysym2ucs.o i3-input/keysym2ucs.c
echo "[i3-input] CC i3-input/main.c"
[i3-input] CC i3-input/main.c
x86_64-pc-linux-gnu-gcc -DI3_VERSION=\"'4.7.2 (2014-01-23, branch \"tags/4.7.2\")'\" -DMAJOR_VERSION=4 -DMINOR_VERSION=7 -DPATCH_VERSION=2 -DSYSCONFDIR=\"/etc\" -DI3__FILE__=__FILE__ -DPCRE_HAS_UCP=1 -DPANGO_SUPPORT=1 -D_GNU_SOURCE       -I/usr/include/cairo -I/usr/include/glib-2.0 -I/usr/lib64/glib-2.0/include -I/usr/include/pixman-1 -I/usr/include/freetype2 -I/usr/include/libdrm -I/usr/include/libpng16  -pthread -I/usr/include/pango-1.0 -I/usr/include/cairo -I/usr/include/glib-2.0 -I/usr/lib64/glib-2.0/include -I/usr/include/pixman-1 -I/usr/include/freetype2 -I/usr/include/libdrm -I/usr/include/libpng16  -std=c99 -Wall -Wunused-value -Iinclude -march=native -O2 -pipe -c -o i3-input/main.o i3-input/main.c
echo "[i3-nagbar] CC i3-nagbar/main.c"
[i3-nagbar] CC i3-nagbar/main.c
x86_64-pc-linux-gnu-gcc -DI3_VERSION=\"'4.7.2 (2014-01-23, branch \"tags/4.7.2\")'\" -DMAJOR_VERSION=4 -DMINOR_VERSION=7 -DPATCH_VERSION=2 -DSYSCONFDIR=\"/etc\" -DI3__FILE__=__FILE__ -DPCRE_HAS_UCP=1 -DPANGO_SUPPORT=1 -D_GNU_SOURCE      -I/usr/include/cairo -I/usr/include/glib-2.0 -I/usr/lib64/glib-2.0/include -I/usr/include/pixman-1 -I/usr/include/freetype2 -I/usr/include/libdrm -I/usr/include/libpng16  -pthread -I/usr/include/pango-1.0 -I/usr/include/cairo -I/usr/include/glib-2.0 -I/usr/lib64/glib-2.0/include -I/usr/include/pixman-1 -I/usr/include/freetype2 -I/usr/include/libdrm -I/usr/include/libpng16  -std=c99 -Wall -Wunused-value -Iinclude -march=native -O2 -pipe -c -o i3-nagbar/main.o i3-nagbar/main.c
echo "[i3bar] CC i3bar/src/outputs.c"
[i3bar] CC i3bar/src/outputs.c
x86_64-pc-linux-gnu-gcc -DI3_VERSION=\"'4.7.2 (2014-01-23, branch \"tags/4.7.2\")'\" -DMAJOR_VERSION=4 -DMINOR_VERSION=7 -DPATCH_VERSION=2 -DSYSCONFDIR=\"/etc\" -DI3__FILE__=__FILE__ -DPCRE_HAS_UCP=1 -DPANGO_SUPPORT=1 -D_GNU_SOURCE       -I/usr/include/cairo -I/usr/include/glib-2.0 -I/usr/lib64/glib-2.0/include -I/usr/include/pixman-1 -I/usr/include/freetype2 -I/usr/include/libdrm -I/usr/include/libpng16  -pthread -I/usr/include/pango-1.0 -I/usr/include/cairo -I/usr/include/glib-2.0 -I/usr/lib64/glib-2.0/include -I/usr/include/pixman-1 -I/usr/include/freetype2 -I/usr/include/libdrm -I/usr/include/libpng16  -I/usr/include/yajl  -idirafter /var/tmp/portage/x11-wm/i3-4.7.2/work/i3-4.7.2/yajl-fallback  -std=c99 -Wall -Wunused-value -Iinclude -march=native -O2 -pipe -Ii3bar/include -c -o i3bar/src/outputs.o i3bar/src/outputs.c
echo "[i3bar] CC i3bar/src/parse_json_header.c"
[i3bar] CC i3bar/src/parse_json_header.c
x86_64-pc-linux-gnu-gcc -DI3_VERSION=\"'4.7.2 (2014-01-23, branch \"tags/4.7.2\")'\" -DMAJOR_VERSION=4 -DMINOR_VERSION=7 -DPATCH_VERSION=2 -DSYSCONFDIR=\"/etc\" -DI3__FILE__=__FILE__ -DPCRE_HAS_UCP=1 -DPANGO_SUPPORT=1 -D_GNU_SOURCE       -I/usr/include/cairo -I/usr/include/glib-2.0 -I/usr/lib64/glib-2.0/include -I/usr/include/pixman-1 -I/usr/include/freetype2 -I/usr/include/libdrm -I/usr/include/libpng16  -pthread -I/usr/include/pango-1.0 -I/usr/include/cairo -I/usr/include/glib-2.0 -I/usr/lib64/glib-2.0/include -I/usr/include/pixman-1 -I/usr/include/freetype2 -I/usr/include/libdrm -I/usr/include/libpng16  -I/usr/include/yajl  -idirafter /var/tmp/portage/x11-wm/i3-4.7.2/work/i3-4.7.2/yajl-fallback  -std=c99 -Wall -Wunused-value -Iinclude -march=native -O2 -pipe -Ii3bar/include -c -o i3bar/src/parse_json_header.o i3bar/src/parse_json_header.c
i3-nagbar/main.c: In function ‘handle_button_release’:
i3-nagbar/main.c:167:12: warning: ignoring return value of ‘symlink’, declared with attribute warn_unused_result [-Wunused-result]
echo "[i3bar] CC i3bar/src/config.c"
[i3bar] CC i3bar/src/config.c
x86_64-pc-linux-gnu-gcc -DI3_VERSION=\"'4.7.2 (2014-01-23, branch \"tags/4.7.2\")'\" -DMAJOR_VERSION=4 -DMINOR_VERSION=7 -DPATCH_VERSION=2 -DSYSCONFDIR=\"/etc\" -DI3__FILE__=__FILE__ -DPCRE_HAS_UCP=1 -DPANGO_SUPPORT=1 -D_GNU_SOURCE       -I/usr/include/cairo -I/usr/include/glib-2.0 -I/usr/lib64/glib-2.0/include -I/usr/include/pixman-1 -I/usr/include/freetype2 -I/usr/include/libdrm -I/usr/include/libpng16  -pthread -I/usr/include/pango-1.0 -I/usr/include/cairo -I/usr/include/glib-2.0 -I/usr/lib64/glib-2.0/include -I/usr/include/pixman-1 -I/usr/include/freetype2 -I/usr/include/libdrm -I/usr/include/libpng16  -I/usr/include/yajl  -idirafter /var/tmp/portage/x11-wm/i3-4.7.2/work/i3-4.7.2/yajl-fallback  -std=c99 -Wall -Wunused-value -Iinclude -march=native -O2 -pipe -Ii3bar/include -c -o i3bar/src/config.o i3bar/src/config.c
echo "[i3bar] CC i3bar/src/workspaces.c"
[i3bar] CC i3bar/src/workspaces.c
x86_64-pc-linux-gnu-gcc -DI3_VERSION=\"'4.7.2 (2014-01-23, branch \"tags/4.7.2\")'\" -DMAJOR_VERSION=4 -DMINOR_VERSION=7 -DPATCH_VERSION=2 -DSYSCONFDIR=\"/etc\" -DI3__FILE__=__FILE__ -DPCRE_HAS_UCP=1 -DPANGO_SUPPORT=1 -D_GNU_SOURCE       -I/usr/include/cairo -I/usr/include/glib-2.0 -I/usr/lib64/glib-2.0/include -I/usr/include/pixman-1 -I/usr/include/freetype2 -I/usr/include/libdrm -I/usr/include/libpng16  -pthread -I/usr/include/pango-1.0 -I/usr/include/cairo -I/usr/include/glib-2.0 -I/usr/lib64/glib-2.0/include -I/usr/include/pixman-1 -I/usr/include/freetype2 -I/usr/include/libdrm -I/usr/include/libpng16  -I/usr/include/yajl  -idirafter /var/tmp/portage/x11-wm/i3-4.7.2/work/i3-4.7.2/yajl-fallback  -std=c99 -Wall -Wunused-value -Iinclude -march=native -O2 -pipe -Ii3bar/include -c -o i3bar/src/workspaces.o i3bar/src/workspaces.c
echo "[i3bar] CC i3bar/src/mode.c"
[i3bar] CC i3bar/src/mode.c
x86_64-pc-linux-gnu-gcc -DI3_VERSION=\"'4.7.2 (2014-01-23, branch \"tags/4.7.2\")'\" -DMAJOR_VERSION=4 -DMINOR_VERSION=7 -DPATCH_VERSION=2 -DSYSCONFDIR=\"/etc\" -DI3__FILE__=__FILE__ -DPCRE_HAS_UCP=1 -DPANGO_SUPPORT=1 -D_GNU_SOURCE       -I/usr/include/cairo -I/usr/include/glib-2.0 -I/usr/lib64/glib-2.0/include -I/usr/include/pixman-1 -I/usr/include/freetype2 -I/usr/include/libdrm -I/usr/include/libpng16  -pthread -I/usr/include/pango-1.0 -I/usr/include/cairo -I/usr/include/glib-2.0 -I/usr/lib64/glib-2.0/include -I/usr/include/pixman-1 -I/usr/include/freetype2 -I/usr/include/libdrm -I/usr/include/libpng16  -I/usr/include/yajl  -idirafter /var/tmp/portage/x11-wm/i3-4.7.2/work/i3-4.7.2/yajl-fallback  -std=c99 -Wall -Wunused-value -Iinclude -march=native -O2 -pipe -Ii3bar/include -c -o i3bar/src/mode.o i3bar/src/mode.c
echo "[i3bar] CC i3bar/src/ipc.c"
[i3bar] CC i3bar/src/ipc.c
x86_64-pc-linux-gnu-gcc -DI3_VERSION=\"'4.7.2 (2014-01-23, branch \"tags/4.7.2\")'\" -DMAJOR_VERSION=4 -DMINOR_VERSION=7 -DPATCH_VERSION=2 -DSYSCONFDIR=\"/etc\" -DI3__FILE__=__FILE__ -DPCRE_HAS_UCP=1 -DPANGO_SUPPORT=1 -D_GNU_SOURCE       -I/usr/include/cairo -I/usr/include/glib-2.0 -I/usr/lib64/glib-2.0/include -I/usr/include/pixman-1 -I/usr/include/freetype2 -I/usr/include/libdrm -I/usr/include/libpng16  -pthread -I/usr/include/pango-1.0 -I/usr/include/cairo -I/usr/include/glib-2.0 -I/usr/lib64/glib-2.0/include -I/usr/include/pixman-1 -I/usr/include/freetype2 -I/usr/include/libdrm -I/usr/include/libpng16  -I/usr/include/yajl  -idirafter /var/tmp/portage/x11-wm/i3-4.7.2/work/i3-4.7.2/yajl-fallback  -std=c99 -Wall -Wunused-value -Iinclude -march=native -O2 -pipe -Ii3bar/include -c -o i3bar/src/ipc.o i3bar/src/ipc.c
echo "[i3bar] CC i3bar/src/main.c"
[i3bar] CC i3bar/src/main.c
x86_64-pc-linux-gnu-gcc -DI3_VERSION=\"'4.7.2 (2014-01-23, branch \"tags/4.7.2\")'\" -DMAJOR_VERSION=4 -DMINOR_VERSION=7 -DPATCH_VERSION=2 -DSYSCONFDIR=\"/etc\" -DI3__FILE__=__FILE__ -DPCRE_HAS_UCP=1 -DPANGO_SUPPORT=1 -D_GNU_SOURCE       -I/usr/include/cairo -I/usr/include/glib-2.0 -I/usr/lib64/glib-2.0/include -I/usr/include/pixman-1 -I/usr/include/freetype2 -I/usr/include/libdrm -I/usr/include/libpng16  -pthread -I/usr/include/pango-1.0 -I/usr/include/cairo -I/usr/include/glib-2.0 -I/usr/lib64/glib-2.0/include -I/usr/include/pixman-1 -I/usr/include/freetype2 -I/usr/include/libdrm -I/usr/include/libpng16  -I/usr/include/yajl  -idirafter /var/tmp/portage/x11-wm/i3-4.7.2/work/i3-4.7.2/yajl-fallback  -std=c99 -Wall -Wunused-value -Iinclude -march=native -O2 -pipe -Ii3bar/include -c -o i3bar/src/main.o i3bar/src/main.c
echo "[i3bar] CC i3bar/src/xcb.c"
[i3bar] CC i3bar/src/xcb.c
x86_64-pc-linux-gnu-gcc -DI3_VERSION=\"'4.7.2 (2014-01-23, branch \"tags/4.7.2\")'\" -DMAJOR_VERSION=4 -DMINOR_VERSION=7 -DPATCH_VERSION=2 -DSYSCONFDIR=\"/etc\" -DI3__FILE__=__FILE__ -DPCRE_HAS_UCP=1 -DPANGO_SUPPORT=1 -D_GNU_SOURCE       -I/usr/include/cairo -I/usr/include/glib-2.0 -I/usr/lib64/glib-2.0/include -I/usr/include/pixman-1 -I/usr/include/freetype2 -I/usr/include/libdrm -I/usr/include/libpng16  -pthread -I/usr/include/pango-1.0 -I/usr/include/cairo -I/usr/include/glib-2.0 -I/usr/lib64/glib-2.0/include -I/usr/include/pixman-1 -I/usr/include/freetype2 -I/usr/include/libdrm -I/usr/include/libpng16  -I/usr/include/yajl  -idirafter /var/tmp/portage/x11-wm/i3-4.7.2/work/i3-4.7.2/yajl-fallback  -std=c99 -Wall -Wunused-value -Iinclude -march=native -O2 -pipe -Ii3bar/include -c -o i3bar/src/xcb.o i3bar/src/xcb.c
echo "[i3bar] CC i3bar/src/child.c"
[i3bar] CC i3bar/src/child.c
x86_64-pc-linux-gnu-gcc -DI3_VERSION=\"'4.7.2 (2014-01-23, branch \"tags/4.7.2\")'\" -DMAJOR_VERSION=4 -DMINOR_VERSION=7 -DPATCH_VERSION=2 -DSYSCONFDIR=\"/etc\" -DI3__FILE__=__FILE__ -DPCRE_HAS_UCP=1 -DPANGO_SUPPORT=1 -D_GNU_SOURCE       -I/usr/include/cairo -I/usr/include/glib-2.0 -I/usr/lib64/glib-2.0/include -I/usr/include/pixman-1 -I/usr/include/freetype2 -I/usr/include/libdrm -I/usr/include/libpng16  -pthread -I/usr/include/pango-1.0 -I/usr/include/cairo -I/usr/include/glib-2.0 -I/usr/lib64/glib-2.0/include -I/usr/include/pixman-1 -I/usr/include/freetype2 -I/usr/include/libdrm -I/usr/include/libpng16  -I/usr/include/yajl  -idirafter /var/tmp/portage/x11-wm/i3-4.7.2/work/i3-4.7.2/yajl-fallback  -std=c99 -Wall -Wunused-value -Iinclude -march=native -O2 -pipe -Ii3bar/include -c -o i3bar/src/child.o i3bar/src/child.c
echo "[i3-dump-log] CC i3-dump-log/main.c"
[i3-dump-log] CC i3-dump-log/main.c
x86_64-pc-linux-gnu-gcc -DI3_VERSION=\"'4.7.2 (2014-01-23, branch \"tags/4.7.2\")'\" -DMAJOR_VERSION=4 -DMINOR_VERSION=7 -DPATCH_VERSION=2 -DSYSCONFDIR=\"/etc\" -DI3__FILE__=__FILE__ -DPCRE_HAS_UCP=1 -DPANGO_SUPPORT=1 -D_GNU_SOURCE      -I/usr/include/cairo -I/usr/include/glib-2.0 -I/usr/lib64/glib-2.0/include -I/usr/include/pixman-1 -I/usr/include/freetype2 -I/usr/include/libdrm -I/usr/include/libpng16  -pthread -I/usr/include/pango-1.0 -I/usr/include/cairo -I/usr/include/glib-2.0 -I/usr/lib64/glib-2.0/include -I/usr/include/pixman-1 -I/usr/include/freetype2 -I/usr/include/libdrm -I/usr/include/libpng16  -std=c99 -Wall -Wunused-value -Iinclude -march=native -O2 -pipe -c -o i3-dump-log/main.o i3-dump-log/main.c
i3bar/src/child.c: In function ‘child_write_output’:
i3bar/src/child.c:444:14: warning: ignoring return value of ‘write’, declared with attribute warn_unused_result [-Wunused-result]
i3bar/src/child.c:445:14: warning: ignoring return value of ‘write’, declared with attribute warn_unused_result [-Wunused-result]
i3bar/src/child.c: In function ‘set_statusline_error’:
i3bar/src/child.c:95:14: warning: ignoring return value of ‘vasprintf’, declared with attribute warn_unused_result [-Wunused-result]
echo "[i3] CC src/commands_parser.c"
[i3] CC src/commands_parser.c
x86_64-pc-linux-gnu-gcc -DI3_VERSION=\"'4.7.2 (2014-01-23, branch \"tags/4.7.2\")'\" -DMAJOR_VERSION=4 -DMINOR_VERSION=7 -DPATCH_VERSION=2 -DSYSCONFDIR=\"/etc\" -DI3__FILE__=__FILE__ -DPCRE_HAS_UCP=1 -DPANGO_SUPPORT=1 -D_GNU_SOURCE            -I/usr/include/cairo -I/usr/include/glib-2.0 -I/usr/lib64/glib-2.0/include -I/usr/include/pixman-1 -I/usr/include/freetype2 -I/usr/include/libdrm -I/usr/include/libpng16  -pthread -I/usr/include/pango-1.0 -I/usr/include/cairo -I/usr/include/glib-2.0 -I/usr/lib64/glib-2.0/include -I/usr/include/pixman-1 -I/usr/include/freetype2 -I/usr/include/libdrm -I/usr/include/libpng16  -I/usr/include/yajl  -idirafter /var/tmp/portage/x11-wm/i3-4.7.2/work/i3-4.7.2/yajl-fallback   -I/usr/include/startup-notification-1.0  -std=c99 -Wall -Wunused-value -Iinclude -march=native -O2 -pipe  -Wl,-O1 -Wl,--as-needed -DTEST_PARSER -g -o test.commands_parser src/commands_parser.c -L/var/tmp/portage/x11-wm/i3-4.7.2/work/i3-4.7.2 -li3 -lm -lrt -lxcb  -lxcb-util -lxcb  -lxcb-util -lxcb  -lxcb-keysyms -lxcb  -lxcb-icccm -lxcb  -lxcb-xinerama -lxcb  -lxcb-randr -lxcb  -lX11  -lxcb-cursor -lxcb  -lcairo  -lpangocairo-1.0 -lpango-1.0 -lgobject-2.0 -lglib-2.0 -lcairo  -lyajl  -lev  -lpcre  -lstartup-notification-1  -lm -lpthread
echo "[i3] CC src/config_parser.c"
[i3] CC src/config_parser.c
x86_64-pc-linux-gnu-gcc -DI3_VERSION=\"'4.7.2 (2014-01-23, branch \"tags/4.7.2\")'\" -DMAJOR_VERSION=4 -DMINOR_VERSION=7 -DPATCH_VERSION=2 -DSYSCONFDIR=\"/etc\" -DI3__FILE__=__FILE__ -DPCRE_HAS_UCP=1 -DPANGO_SUPPORT=1 -D_GNU_SOURCE            -I/usr/include/cairo -I/usr/include/glib-2.0 -I/usr/lib64/glib-2.0/include -I/usr/include/pixman-1 -I/usr/include/freetype2 -I/usr/include/libdrm -I/usr/include/libpng16  -pthread -I/usr/include/pango-1.0 -I/usr/include/cairo -I/usr/include/glib-2.0 -I/usr/lib64/glib-2.0/include -I/usr/include/pixman-1 -I/usr/include/freetype2 -I/usr/include/libdrm -I/usr/include/libpng16  -I/usr/include/yajl  -idirafter /var/tmp/portage/x11-wm/i3-4.7.2/work/i3-4.7.2/yajl-fallback   -I/usr/include/startup-notification-1.0  -std=c99 -Wall -Wunused-value -Iinclude -march=native -O2 -pipe  -Wl,-O1 -Wl,--as-needed -DTEST_PARSER -g -o test.config_parser src/config_parser.c -L/var/tmp/portage/x11-wm/i3-4.7.2/work/i3-4.7.2 -li3 -lm -lrt -lxcb  -lxcb-util -lxcb  -lxcb-util -lxcb  -lxcb-keysyms -lxcb  -lxcb-icccm -lxcb  -lxcb-xinerama -lxcb  -lxcb-randr -lxcb  -lX11  -lxcb-cursor -lxcb  -lcairo  -lpangocairo-1.0 -lpango-1.0 -lgobject-2.0 -lglib-2.0 -lcairo  -lyajl  -lev  -lpcre  -lstartup-notification-1  -lm -lpthread
/usr/lib/gcc/x86_64-pc-linux-gnu/4.7.3/../../../../x86_64-pc-linux-gnu/bin/ld: cannot find -li3
collect2: error: ld returned 1 exit status
distcc[7033] ERROR: compile (null) on localhost failed
make: *** [src/commands_parser.o] Error 1
make: *** Waiting for unfinished jobs....
/usr/lib/gcc/x86_64-pc-linux-gnu/4.7.3/../../../../x86_64-pc-linux-gnu/bin/ld: cannot find -li3
collect2: error: ld returned 1 exit status
distcc[7040] ERROR: compile (null) on localhost failed
make: *** [src/config_parser.o] Error 1
 [31;01m*[0m ERROR: x11-wm/i3-4.7.2::gentoo failed (compile phase):
 [31;01m*[0m   emake failed
 [31;01m*[0m 
 [31;01m*[0m If you need support, post the output of `emerge --info '=x11-wm/i3-4.7.2::gentoo'`,
 [31;01m*[0m the complete build log and the output of `emerge -pqv '=x11-wm/i3-4.7.2::gentoo'`.
 [31;01m*[0m The complete build log is located at '/var/tmp/portage/x11-wm/i3-4.7.2/temp/build.log'.
 [31;01m*[0m The ebuild environment file is located at '/var/tmp/portage/x11-wm/i3-4.7.2/temp/environment'.
 [31;01m*[0m Working directory: '/var/tmp/portage/x11-wm/i3-4.7.2/work/i3-4.7.2'
 [31;01m*[0m S: '/var/tmp/portage/x11-wm/i3-4.7.2/work/i3-4.7.2'
