#0  __strftime_internal (
    s=s@entry=0x65264b <message.33653+11> "23:54:51 - render.c:render_con:292 - transient_con = 0x02600fcd, transient_con->window->transient_for = 0x02600021, fullscreen_id = 0x02604062\n", maxsize=maxsize@entry=4085, 
    format=format@entry=0x3b7cd621e4 "%H:%M:%S", 
    tp=tp@entry=0x653660 <result.33654>, 
    tzset_called=tzset_called@entry=0x7fff6f754adf, 
    loc=loc@entry=0x3b7cfa2f20 <_nl_global_locale>) at strftime_l.c:1045
        modifier = 0
        number_value = <optimized out>
        subfmt = <optimized out>
        buf = "\001\000\000\000\000\000\000\000\351\017\000\000\000\000\000\000V&e\000\065\061"
        width = -1
        to_lowcase = 0
        pad = 0
        digits = <optimized out>
        negative_number = <optimized out>
        change_case = 0
        format_char = 72
        bufp = <optimized out>
        to_uppcase = 0
        current = 0x6ac4c0
        hour12 = 11
        zone = 0x6b2cc0 "CEST"
        i = 0
        p = 0x65264b <message.33653+11> "23:54:51 - render.c:render_con:292 - transient_con = 0x02600fcd, transient_con->window->transient_for = 0x02600021, fullscreen_id = 0x02604062\n"
        f = <optimized out>
#1  0x0000003b7ccb3412 in __strftime_internal (
    s=s@entry=0x65264b <message.33653+11> "23:54:51 - render.c:render_con:292 - transient_con = 0x02600fcd, transient_con->window->transient_for = 0x02600021, fullscreen_id = 0x02604062\n", maxsize=maxsize@entry=4085, 
    format=format@entry=0x7feaa7387d95 "%T", 
    tp=tp@entry=0x653660 <result.33654>, 
    tzset_called=tzset_called@entry=0x7fff6f754adf, 
    loc=loc@entry=0x3b7cfa2f20 <_nl_global_locale>) at strftime_l.c:838
        _n = 8
        _delta = <optimized out>
        _incr = <optimized out>
        old_start = 0x65264b <message.33653+11> "23:54:51 - render.c:render_con:292 - transient_con = 0x02600fcd, transient_con->window->transient_for = 0x02600021, fullscreen_id = 0x02604062\n"
        len = <optimized out>
        modifier = <optimized out>
        number_value = <optimized out>
        subfmt = 0x3b7cd621e4 "%H:%M:%S"
        buf = "y\000\000\000\000\000\000\000G\260\373S\000\000\000\000\000\062\062\060\061\064"
        width = <optimized out>
        to_lowcase = 0
        pad = <optimized out>
        digits = <optimized out>
        negative_number = <optimized out>
        change_case = <optimized out>
        format_char = <optimized out>
        bufp = <optimized out>
        to_uppcase = 0
        current = 0x6ac4c0
        hour12 = 11
        zone = 0x6b2cc0 "CEST"
        i = <optimized out>
        p = 0x65264b <message.33653+11> "23:54:51 - render.c:render_con:292 - transient_con = 0x02600fcd, transient_con->window->transient_for = 0x02600021, fullscreen_id = 0x02604062\n"
        f = <optimized out>
#2  0x0000003b7ccb3412 in __strftime_internal (
    s=s@entry=0x652640 <message.33653> "25.08.2014 23:54:51 - render.c:render_con:292 - transient_con = 0x02600fcd, transient_con->window->transient_for = 0x02600021, fullscreen_id = 0x02604062\n", maxsize=maxsize@entry=4096, 
    format=format@entry=0x4354c0 "%x %X - ", tp=0x653660 <result.33654>, 
    tzset_called=tzset_called@entry=0x7fff6f754adf, 
    loc=0x3b7cfa2f20 <_nl_global_locale>) at strftime_l.c:838
        _n = 8
        _delta = <optimized out>
        _incr = <optimized out>
        old_start = 0x65264b <message.33653+11> "23:54:51 - render.c:render_con:292 - transient_con = 0x02600fcd, transient_con->window->transient_for = 0x02600021, fullscreen_id = 0x02604062\n"
        len = <optimized out>
        modifier = <optimized out>
        number_value = <optimized out>
        subfmt = 0x7feaa7387d95 "%T"
        buf = "z\000\000\000\000\000\000\000`6e\000\000\000\000\000\310Juo\377\177"
        width = <optimized out>
        to_lowcase = 0
        pad = <optimized out>
        digits = <optimized out>
        negative_number = <optimized out>
        change_case = <optimized out>
        format_char = <optimized out>
        bufp = <optimized out>
        to_uppcase = 0
        current = 0x6ac4c0
        hour12 = 11
        zone = 0x6b2cc0 "CEST"
        i = <optimized out>
        p = 0x65264b <message.33653+11> "23:54:51 - render.c:render_con:292 - transient_con = 0x02600fcd, transient_con->window->transient_for = 0x02600021, fullscreen_id = 0x02604062\n"
        f = <optimized out>
#3  0x0000003b7ccb4e56 in __GI___strftime_l (
    s=s@entry=0x652640 <message.33653> "25.08.2014 23:54:51 - render.c:render_con:292 - transient_con = 0x02600fcd, transient_con->window->transient_for = 0x02600021, fullscreen_id = 0x02604062\n", maxsize=maxsize@entry=4096, 
    format=format@entry=0x4354c0 "%x %X - ", tp=<optimized out>, 
    loc=<optimized out>) at strftime_l.c:481
        tzset_called = false
#4  0x0000003b7ccb2fe0 in __GI_strftime (
    s=s@entry=0x652640 <message.33653> "25.08.2014 23:54:51 - render.c:render_con:292 - transient_con = 0x02600fcd, transient_con->window->transient_for = 0x02600021, fullscreen_id = 0x02604062\n", maxsize=maxsize@entry=4096, 
    format=format@entry=0x4354c0 "%x %X - ", tp=<optimized out>)
    at strftime.c:25
No locals.
#5  0x000000000040b162 in vlog (print=<optimized out>, 
    fmt=0x444240 "%s:%s:%d - transient_con = 0x%08x, transient_con->window->transient_for = 0x%08x, fullscreen_id = 0x%08x\n", args=args@entry=0x7fff6f754b48)
    at ../i3-9999/src/log.c:226
        message = "25.08.2014 23:54:51 - render.c:render_con:292 - transient_con = 0x02600fcd, transient_con->window->transient_for = 0x02600021, fullscreen_id = 0x02604062\n\000\061\063, current_time = 1409003409\n\000pStorm 7.1.3\"\n"...
        result = {tm_sec = 51, tm_min = 54, tm_hour = 23, tm_mday = 25, 
          tm_mon = 7, tm_year = 114, tm_wday = 1, tm_yday = 236, tm_isdst = 1, 
          tm_gmtoff = 7200, tm_zone = 0x6b2cc0 "CEST"}
        t = 1409003691
        tmp = 0x653660 <result.33654>
        len = 154
#6  0x000000000040b9a8 in debuglog (
    fmt=fmt@entry=0x444240 "%s:%s:%d - transient_con = 0x%08x, transient_con->window->transient_for = 0x%08x, fullscreen_id = 0x%08x\n")
    at ../i3-9999/src/log.c:322
        args = {{gp_offset = 8, fp_offset = 48, 
            overflow_arg_area = 0x7fff6f754c20, 
            reg_save_area = 0x7fff6f754b60}}
#7  0x0000000000430aa2 in render_con (con=<optimized out>, 
    render_fullscreen=<optimized out>) at ../i3-9999/src/render.c:291
        next_transient = <optimized out>
        floating_child = 0x7b4a60
        transient_con = 0x7b5b10
        is_transient_for = false
        content = <optimized out>
        workspace = <optimized out>
        fullscreen = 0x7b4a60
        child = 0x6d6510
        output = 0x6bc3f0
        children = <optimized out>
        __FUNCTION__ = "render_con"
        rect = <optimized out>
        x = <optimized out>
        y = <optimized out>
        i = 0
        fullscreen = <optimized out>
        sizes = 0x7fff6f754c38
        __PRETTY_FUNCTION__ = "render_con"
#8  0x0000000000432986 in tree_render () at ../i3-9999/src/tree.c:518
        __FUNCTION__ = "tree_render"
#9  0x000000000040e875 in run_binding (bind=<optimized out>, con=con@entry=0x0)
    at ../i3-9999/src/bindings.c:405
        command = 0x6d30e0 "\260fm"
        result = 0x6d4ef0
#10 0x00000000004195f4 in handle_key_press (event=event@entry=0x6d1710)
    at ../i3-9999/src/key_press.c:33
        key_release = <optimized out>
        __FUNCTION__ = "handle_key_press"
        bind = <optimized out>
        result = <optimized out>
#11 0x000000000042c438 in handle_event (type=<optimized out>, 
    event=event@entry=0x6d1710) at ../i3-9999/src/handlers.c:1238
        __FUNCTION__ = "handle_event"
#12 0x0000000000421a56 in xcb_check_cb (loop=<optimized out>, 
    w=<optimized out>, revents=<optimized out>) at ../i3-9999/src/main.c:132
        type = <optimized out>
        event = 0x6d1710
        __FUNCTION__ = "xcb_check_cb"
#13 0x0000003b7e404c85 in ev_invoke_pending () from /usr/lib64/libev.so.4
No symbol table info available.
#14 0x0000003b7e407d34 in ev_run () from /usr/lib64/libev.so.4
No symbol table info available.
#15 0x000000000040a039 in ev_loop (flags=0, loop=<optimized out>)
    at /usr/include/ev.h:826
No locals.
#16 main (argc=<optimized out>, argv=<optimized out>)
    at ../i3-9999/src/main.c:816
        override_configpath = <optimized out>
        autostart = false
        layout_path = <optimized out>
        delete_layout_path = <optimized out>
        force_xinerama = false
        fake_outputs = 0x0
        disable_signalhandler = false
        only_check_config = <optimized out>
        long_options = {{name = 0x43c9d9 "no-autostart", has_arg = 0, 
            flag = 0x0, val = 97}, {name = 0x4410dd "config", has_arg = 1, 
            flag = 0x0, val = 99}, {name = 0x43c9f7 "version", has_arg = 0, 
            flag = 0x0, val = 118}, {name = 0x43c9e6 "moreversion", 
            has_arg = 0, flag = 0x0, val = 109}, {
            name = 0x43c9f2 "more-version", has_arg = 0, flag = 0x0, 
            val = 109}, {name = 0x43c9ff "more_version", has_arg = 0, 
            flag = 0x0, val = 109}, {name = 0x43ca0c "help", has_arg = 0, 
            flag = 0x0, val = 104}, {name = 0x43e458 "layout", has_arg = 1, 
            flag = 0x0, val = 76}, {name = 0x43e42d "restart", has_arg = 1, 
            flag = 0x0, val = 0}, {name = 0x4412bd "force-xinerama", 
            has_arg = 0, flag = 0x0, val = 0}, {
            name = 0x4412ad "force_xinerama", has_arg = 0, flag = 0x0, 
            val = 0}, {name = 0x43c5c3 "disable-signalhandler", has_arg = 0, 
            flag = 0x0, val = 0}, {name = 0x43c606 "shmlog-size", has_arg = 1, 
            flag = 0x0, val = 0}, {name = 0x43c612 "shmlog_size", has_arg = 1, 
            flag = 0x0, val = 0}, {name = 0x43c5d9 "get-socketpath", 
            has_arg = 0, flag = 0x0, val = 0}, {
            name = 0x43c5e8 "get_socketpath", has_arg = 0, flag = 0x0, 
            val = 0}, {name = 0x4412cd "fake_outputs", has_arg = 1, 
            flag = 0x0, val = 0}, {name = 0x4412db "fake-outputs", 
            has_arg = 1, flag = 0x0, val = 0}, {
            name = 0x43cd00 "force-old-config-parser-v4.4-only", has_arg = 0, 
            flag = 0x0, val = 0}, {name = 0x0, has_arg = 0, flag = 0x0, 
            val = 0}}
        option_index = 8
        opt = <optimized out>
        __FUNCTION__ = "main"
        gcookie = <optimized out>
        pointercookie = {sequence = 6}
        cookie = <optimized out>
        greply = <optimized out>
        _NET_SUPPORTED_cookie = <optimized out>
        _NET_SUPPORTING_WM_CHECK_cookie = {sequence = 12}
        extreply = <optimized out>
        needs_tree_init = <optimized out>
        pointerreply = <optimized out>
        output = <optimized out>
        ipc_socket = <optimized out>
        xcb_watcher = <optimized out>
        xcb_prepare = <optimized out>
        action = {__sigaction_handler = {
            sa_handler = 0x4219d0 <handle_signal>, 
            sa_sigaction = 0x4219d0 <handle_signal>}, sa_mask = {__val = {
              0 <repeats 16 times>}}, sa_flags = -1073741820, 
          sa_restorer = 0x1}
        exec_always = <optimized out>
        barconfig = 0x0
A debugging session is active.

	Inferior 1 [process 10120] will be detached.

Quit anyway? (y or n) Detaching from program: /usr/bin/i3, process 10120
