[i3bar/src/config.c:158] statusline = bar_fg = #888888
[libi3] libi3/font.c Using Pango font DejaVu Sans Mono, size 9
[libi3] libi3/font.c X11 root window dictates 96.252632 DPI
[i3bar/src/xcb.c:1122] Calculated Font-height: 14
[i3bar/src/xcb.c:1245] Setting bar_fg = #888888 as _NET_SYSTEM_TRAY_COLORS
[i3bar/src/ipc.c:192] Got data!
[i3bar/src/ipc.c:63] Parsing Outputs-JSON...
[i3bar/src/ipc.c:65] Reconfiguring Windows...
[i3bar/src/xcb.c:1390] Re-allocating statusline-buffer, statusline_width = 0, root_screen->width_in_pixels = 1920
[i3bar/src/xcb.c:1441] Destroying window for output VIRTUAL1
[i3bar/src/xcb.c:1441] Destroying window for output DP3
[i3bar/src/xcb.c:1441] Destroying window for output DP2
[i3bar/src/xcb.c:1441] Destroying window for output HDMI3
[i3bar/src/xcb.c:1441] Destroying window for output HDMI2
[i3bar/src/xcb.c:1441] Destroying window for output DP1
[i3bar/src/xcb.c:1441] Destroying window for output HDMI1
[i3bar/src/xcb.c:1441] Destroying window for output VGA1
[i3bar/src/xcb.c:1446] Creating Window for output LVDS1
[i3bar/src/xcb.c:1162] Initializing system tray functionality
[i3bar/src/xcb.c:1245] Setting bar_fg = #888888 as _NET_SYSTEM_TRAY_COLORS
[i3bar/src/xcb.c:1682] Drawing Bars...
[i3bar/src/xcb.c:1690] Output VIRTUAL1 inactive, skipping...
[i3bar/src/xcb.c:1690] Output DP3 inactive, skipping...
[i3bar/src/xcb.c:1690] Output DP2 inactive, skipping...
[i3bar/src/xcb.c:1690] Output HDMI3 inactive, skipping...
[i3bar/src/xcb.c:1690] Output HDMI2 inactive, skipping...
[i3bar/src/xcb.c:1690] Output DP1 inactive, skipping...
[i3bar/src/xcb.c:1690] Output HDMI1 inactive, skipping...
[i3bar/src/xcb.c:1690] Output VGA1 inactive, skipping...
[i3bar/src/ipc.c:192] Got data!
[i3bar/src/ipc.c:54] Got Subscribe Reply: {"success":true}
[i3bar/src/ipc.c:192] Got data!
[i3bar/src/ipc.c:43] Got Workspace-Data!
[i3bar/src/workspaces.c:142] Got Workspace canonical: 1, name: '1', name_width: 7, glyphs: 1
[i3bar/src/xcb.c:1682] Drawing Bars...
[i3bar/src/xcb.c:1690] Output VIRTUAL1 inactive, skipping...
[i3bar/src/xcb.c:1690] Output DP3 inactive, skipping...
[i3bar/src/xcb.c:1690] Output DP2 inactive, skipping...
[i3bar/src/xcb.c:1690] Output HDMI3 inactive, skipping...
[i3bar/src/xcb.c:1690] Output HDMI2 inactive, skipping...
[i3bar/src/xcb.c:1690] Output DP1 inactive, skipping...
[i3bar/src/xcb.c:1690] Output HDMI1 inactive, skipping...
[i3bar/src/xcb.c:1690] Output VGA1 inactive, skipping...
[i3bar/src/xcb.c:1742] Drawing Button for WS 1 at x = 0, len = 7
[i3bar/src/child.c:362] Detecting input type based on buffer *{ "version": 1, "stop_signal": 10, "cont_signal": 12, "click_events": true }
*
[i3bar/src/xcb.c:1682] Drawing Bars...
[i3bar/src/xcb.c:1690] Output VIRTUAL1 inactive, skipping...
[i3bar/src/xcb.c:1690] Output DP3 inactive, skipping...
[i3bar/src/xcb.c:1690] Output DP2 inactive, skipping...
[i3bar/src/xcb.c:1690] Output HDMI3 inactive, skipping...
[i3bar/src/xcb.c:1690] Output HDMI2 inactive, skipping...
[i3bar/src/xcb.c:1690] Output DP1 inactive, skipping...
[i3bar/src/xcb.c:1690] Output HDMI1 inactive, skipping...
[i3bar/src/xcb.c:1690] Output VGA1 inactive, skipping...
[i3bar/src/xcb.c:1742] Drawing Button for WS 1 at x = 0, len = 7
[i3bar/src/child.c:244] dumping statusline:
[i3bar/src/child.c:247] full_text = W: diamondCommon - 10.0.0.8
[i3bar/src/child.c:248] color = #00FF00
[i3bar/src/child.c:247] full_text = E: -
[i3bar/src/child.c:248] color = #555555
[i3bar/src/child.c:247] full_text = VZ: -
[i3bar/src/child.c:248] color = #555555
[i3bar/src/child.c:247] full_text = N4: -
[i3bar/src/child.c:248] color = #555555
[i3bar/src/child.c:247] full_text = BAT 79%
[i3bar/src/child.c:248] color = (null)
[i3bar/src/child.c:247] full_text = Fri 2014-06-27 11:16:45 PDT
[i3bar/src/child.c:248] color = (null)
[i3bar/src/child.c:250] end of dump
[i3bar/src/xcb.c:1682] Drawing Bars...
[i3bar/src/xcb.c:1690] Output VIRTUAL1 inactive, skipping...
[i3bar/src/xcb.c:1690] Output DP3 inactive, skipping...
[i3bar/src/xcb.c:1690] Output DP2 inactive, skipping...
[i3bar/src/xcb.c:1690] Output HDMI3 inactive, skipping...
[i3bar/src/xcb.c:1690] Output HDMI2 inactive, skipping...
[i3bar/src/xcb.c:1690] Output DP1 inactive, skipping...
[i3bar/src/xcb.c:1690] Output HDMI1 inactive, skipping...
[i3bar/src/xcb.c:1690] Output VGA1 inactive, skipping...
[i3bar/src/xcb.c:1711] Printing statusline!
[i3bar/src/xcb.c:1742] Drawing Button for WS 1 at x = 0, len = 7
[i3bar/src/child.c:244] dumping statusline:
[i3bar/src/child.c:247] full_text = W: diamondCommon - 10.0.0.8
[i3bar/src/child.c:248] color = #00FF00
[i3bar/src/child.c:247] full_text = E: -
[i3bar/src/child.c:248] color = #555555
[i3bar/src/child.c:247] full_text = VZ: -
[i3bar/src/child.c:248] color = #555555
[i3bar/src/child.c:247] full_text = N4: -
[i3bar/src/child.c:248] color = #555555
[i3bar/src/child.c:247] full_text = BAT 79%
[i3bar/src/child.c:248] color = (null)
[i3bar/src/child.c:247] full_text = Fri 2014-06-27 11:16:46 PDT
[i3bar/src/child.c:248] color = (null)
[i3bar/src/child.c:250] end of dump
[i3bar/src/xcb.c:1682] Drawing Bars...
[i3bar/src/xcb.c:1690] Output VIRTUAL1 inactive, skipping...
[i3bar/src/xcb.c:1690] Output DP3 inactive, skipping...
[i3bar/src/xcb.c:1690] Output DP2 inactive, skipping...
[i3bar/src/xcb.c:1690] Output HDMI3 inactive, skipping...
[i3bar/src/xcb.c:1690] Output HDMI2 inactive, skipping...
[i3bar/src/xcb.c:1690] Output DP1 inactive, skipping...
[i3bar/src/xcb.c:1690] Output HDMI1 inactive, skipping...
[i3bar/src/xcb.c:1690] Output VGA1 inactive, skipping...
[i3bar/src/xcb.c:1711] Printing statusline!
[i3bar/src/xcb.c:1742] Drawing Button for WS 1 at x = 0, len = 7
[i3bar/src/ipc.c:192] Got data!
[i3bar/src/ipc.c:211] EOF received, exiting...
