21388 recvmsg(5, 0x7ffffe9ac410, 0)     = -1 EAGAIN (Resource temporarily unavailable)
21388 epoll_wait(3, {{EPOLLIN, {u32=0, u64=4294967296}}}, 64, 59743) = 1
21388 recvmsg(5, 0x7ffffe9ac410, 0)     = -1 EAGAIN (Resource temporarily unavailable)
21388 read(0, ",[{\"name\":\"wireless\",\"instance\":\"wifi0\",\"color\":\"#00FF00\",\"full_text\":\"W: diamondCommon - 10.0.0.8\"},{\"name\":\"ethernet\",\"instance\":\"ethernet0\",\"color\":\"#555555\",\"full_text\":\"E: -\"},{\"name\":\"ethernet\",\"instance\":\"usbverizon0\",\"color\":\"#555555\",\"full_text\":\"VZ: -\"},{\"name\":\"ethernet\",\"instance\":\"usbtethernexus4\",\"color\":\"#555555\",\"full_text\":\"N4: -\"},{\"name\":\"battery\",\"instance\":\"/sys/class/power_supply/BAT0/uevent\",\"full_text\":\"BAT 79%\"},{\"name\":\"time\",\"full_text\":\"Fri 2014-06-27 11:13:45 PDT\"}]\n", 1024) = 500
21388 read(0, 0x1e45b24, 524)           = -1 EAGAIN (Resource temporarily unavailable)
21388 poll([{fd=5, events=POLLIN|POLLOUT}], 1, 4294967295) = 1 ([{fd=5, revents=POLLOUT}])
21388 writev(5, [{"F\0\5\0\4\0 \1\5\0 \1\0\0\0\0\200\7\23\0\213\4\6\0\3\0 \1\4\0 \1*\0\0\0\0\4\0\0\1\0\0\0\213\27\27\0\3\0\0\0\r\0 \1\3\0 \1\0\0\0\0\f\0 \1\0\0\f\0\2\224\232\376\0\0\f\0:\35\0\0\r\0\0\0\7\0\0\0GLDPRQG&RPPRQE^x\1\177\0\0\7\0\0\0\20\177\0\0\10\0\0\0\7\0\0\0\24\23\21\23\21\23\21\33\213\7\2\0\3\0 \0018\0\6\0\6\0 \1\34\0\0\0fff\377\0\0\0\377\1\0\0\0A\0\5\0\4\0 \1\6\0 \1\301\0\2\0\301\0\f\0\213\4\6\0\3\0 \1\4\0 \1*\0\0\0\0\4\0\0\1\0\0\0\213\27\r\0\3\0\0\0\16\0 \1\3\0 \1\0\0\0\0\f\0 \1\306\0\f\0\2\224\232\376\306\0\f\0(\35\0\0\1\0\0\0\7\0\0\0\20LDP\213\7\2\0\3\0 \0018\0\6\0\6\0 \1\34\0\0\0fff\377\0\0\0\377\1\0\0\0A\0\5\0\4\0 \1\6\0 \1\346\0\2\0\346\0\f\0\213\4\6\0\3\0 \1\4\0 \1*\0\0\0\0\4\0\0\1\0\0\0\213\27\r\0\3\0\0\0\16\0 \1\3\0 \1\0\0\0\0\f\0 \1\353\0\f\0\3\224\232\376\353\0\f\0009=\35\0\1\0\0\0\7\0\0\0\20LDP\213\7\2\0\3\0 \0018\0\6\0\6\0 \1\34\0\0\0fff\377\0\0\0\377\1\0\0\0A\0\5\0\4\0 \1\6\0 \1\22\1\2\0\22\1\f\0\213\4\6\0\3\0 \1\4\0 \1*\0\0\0\0\4\0\0\1\0\0\0\213\27\r\0\3\0\0\0\16\0 \1\3\0 \1\0\0\0\0\f\0 \1\27\1\f\0\3\224\232\376\27\1\f\0001\27\35\0\1\0\0\0\7\0\0\0\20LDP\213\7\2\0\3\0 \0018\0\6\0\6\0 \1\34\0\0\0fff\377\0\0\0\377\1\0\0\0A\0\5\0\4\0 \1\6\0 \1>\1\2\0>\1\f\0\213\4\6\0\3\0 \1\4\0 \1*\0\0\0\0\4\0\0\1\0\0\0\213\27\r\0\3\0\0\0\17\0 \1\3\0 \1&\0\0\0\f\0 \1C\1\f\0\3\224\232\376C\1\f\0%$7\0\3\0\0\0\7\0\0\0\32\34\10P\213\7\2\0\3\0 \0018\0\6\0\6\0 \1\34\0\0\0fff\377\0\0\0\377\1\0\0\0A\0\5\0\4\0 \1\6\0 \1x\1\2\0x\1\f\0\213\4\6\0\3\0 \1\4\0 \1*\0\0\0\0\4\0\0\1\0\0\0\213\24X\0\f\0 \1\1\0\0\0\30\0\0\0\t\0\t\0\1\0\t\0\7\0\0\0\0\0\0\0(\6\0\6\352\275o\275\366\366\366\366\366\366\366\366\364\366\366\366J\241\340\241\0\0\20\0\0\0\0\0\0\0\0\0(\6\0\6\323\273o\273\20I\237I\0\0\0\0\0\0\0\0\0\0\0\0\0\0\0\0\0\0\0\0\0\0\0\0(\6\0\6\323\273o\273\20I\237I\0\0\0\0\0\0\0\0\0\0\0\0\0\0\0\0\0\0\0\0\0\0\0\0(\6\0\6\347\275o\275\352\350\355\350\351\360\357\360\231\302\333\302\10'`'\0\0\0\0\0\0\0\0\0\0\0\0\0\0\0\0\0\0\0\0\0\0\0\0\33\5\0\5\306\213K\213\215\320\343\320\0\f=\f\0\0\0\0\0\0\0\0\0\0\0\0\0\0\0\0\0\0\0\0\0\0\0\0J\20\0\20\316\331\240\331\f:\212:\0\0\0\0\0\0\0\0\0\0\0\0\0\0\0\0\0\0\0\0\0\0\0\0I\20\0\20\316\331\240\331\f:\212:\0\0\0\0\0\0\0\0`)\10)T{\205{\3\20,\20\31\4\0\4\302\206G\206\213\317\341\317\0\f;\f\0\0\0\0\0\0\0\0\35\5\0\5\257\202K\202\355\343\317\343\347\357\361\357\223\275\327\275\7%[%\0\0\0\0\0\0\0\0\213\27\26\0\3\0\0\0\17\0 \1\3\0 \1\0\0\0\0\f\0 \1}\1\f\0\3F\332\1}\1\f\0)UL\0\n\0\0\0\7\0\0\0\25\23\24\27\20\23\31\20\25\32\0\0\10\0\0\0\7\0\0\0\24\24\35\24\26\35\27\30\3\224\232\376\7\0\0\0003'7\1\213\7\2\0\3\0 \0018\0\4\0\t\0 \1\4\0\0\0\0\0\0\377F\0\5\0\10\0 \1\t\0 \1\0\0\0\0\200\7\24\0>\0\7\0\4\0 \1\10\0 \1\t\0 \1\0\0\0\0 \5\3\0:\2\20\0008\0\5\0\t\0 \1\f\0\0\0\231xL\377\231xL\377F\0\5\0\10\0 \1\t\0 \1\0\0\1\0\21\0\22\0008\0\5\0\t\0 \1\f\0\0\0wU(\377wU(\377F\0\5\0\10\0 \1\t\0 \1\1\0\2\0\17\0\20\0\213\4\6\0\3\0 \1\10\0 \1*\0\0\0\0\4\0\0\1\0\0\0\213\27\n\0\3\0\0\0\v\0 \1\3\0 \1\0\0\0\0\f\0 \1\5\0\16\0\1\0\0\0\5\0\16\0\24\0\0\0\213\7\2\0\3\0 \1>\0\7\0\10\0 \1\7\0 \1\t\0 \1\0\0\0\0\0\0\0\0\200\0078\4", 1416}], 1) = 1416
21388 epoll_wait(3, {{EPOLLIN, {u32=5, u64=4294967301}}}, 64, 59743) = 1
21388 recvmsg(5, {msg_name(0)=NULL, msg_iov(1)=[{"\16\0|\2\10\0 \1\0\0>\0\0\0\0\0\0\0\0\0\0\0\0\0\0\0\0\0\0\0\0\0\16\0\204\2\7\0 \1\0\0>\0\0\0\0\0\0\0\0\0\0\0\0\0\0\0\0\0\0\0\0\0", 4096}], msg_controllen=0, msg_flags=0}, 0) = 64
21388 recvmsg(5, 0x7ffffe9ac410, 0)     = -1 EAGAIN (Resource temporarily unavailable)
21388 epoll_wait(3, {{EPOLLIN|EPOLLHUP, {u32=6, u64=4294967302}}}, 64, 59743) = 1
21388 epoll_ctl(3, EPOLL_CTL_MOD, 6, {EPOLLIN, {u32=6, u64=4294967302}}) = 0
21388 recvmsg(5, 0x7ffffe9ac410, 0)     = -1 EAGAIN (Resource temporarily unavailable)
21388 read(6, "", 14)                   = 0
21388 poll([{fd=5, events=POLLIN|POLLOUT}], 1, 4294967295) = 1 ([{fd=5, revents=POLLOUT}])
21388 writev(5, [{"\n\0\2\0\3\0\240\1\7\0\4\0\3\0\240\1\241\0\0\0\0\0\0\0\n\0\2\0003\0\340\1\7\0\4\0003\0\340\1\241\0\0\0\0\0\0\0\31\0\v\0\n\0 \1\0\0\2\0\21\0\0\0\n\0 \1\n\0 \1\0\0\0\0\0\0\0\0\0\0\0\0\0\0\0\0\0\0\0\0\31\0\v\0\241\0\0\0\377\377\377\0! \0\0\241\0\0\0m\1\0\0\0\0\0\0\211\1\0\0\n\0 \1\0\0\0\0\0\0\0\0\4\0\2\0\7\0 \1", 144}], 1) = 144
21388 shutdown(5, SHUT_RDWR)            = 0
21388 close(5)                          = 0
21388 kill(4294945889, SIGTERM)         = 0
21388 --- SIGCHLD {si_signo=SIGCHLD, si_code=CLD_KILLED, si_pid=21407, si_status=SIGTERM, si_utime=0, si_stime=0} ---
21388 rt_sigreturn()                    = 0
21388 exit_group(0)                     = ?
21388 +++ exited with 0 +++
